{
  "timestamp": "2025-05-27T09:20:04.582598",
  "usuario": "7c1e2c53-8cc3-4ea0-bdd6-b3423e76adc7",
  "archivos": {
    "private": "/home/markmur88/Documentos/GitHub/api_bank_h2/schemas/keys/private_key.pem",
    "public": "/home/markmur88/Documentos/GitHub/api_bank_h2/schemas/keys/public_key.pem",
    "jwks": "/home/markmur88/Documentos/GitHub/api_bank_h2/schemas/keys/jwks_public.json"
  },
  "kid": "a407864d-7af3-43c6-9f6c-95375173f4ba"
}
{
  "timestamp": "2025-05-27T09:32:31.625747",
  "usuario": "7c1e2c53-8cc3-4ea0-bdd6-b3423e76adc7",
  "archivos": {
    "private": "/home/markmur88/Documentos/GitHub/api_bank_h2/schemas/keys/private_key.pem",
    "public": "/home/markmur88/Documentos/GitHub/api_bank_h2/schemas/keys/public_key.pem",
    "jwks": "/home/markmur88/Documentos/GitHub/api_bank_h2/schemas/keys/jwks_public.json"
  },
  "kid": "57c43e75-3a34-4ef2-8d2b-04f1b117f881"
}
{
  "timestamp": "2025-05-27T11:49:32.537473",
  "usuario": "7c1e2c53-8cc3-4ea0-bdd6-b3423e76adc7",
  "archivos": {
    "private": "/home/markmur88/Documentos/GitHub/api_bank_h2/schemas/keys/private_key.pem",
    "public": "/home/markmur88/Documentos/GitHub/api_bank_h2/schemas/keys/public_key.pem",
    "jwks": "/home/markmur88/Documentos/GitHub/api_bank_h2/schemas/keys/jwks_public.json"
  },
  "kid": "61fea7e4-1bf7-4ad8-b155-d0391ec82075"
}
{
  "timestamp": "2025-05-27T11:50:01.097216",
  "usuario": "7c1e2c53-8cc3-4ea0-bdd6-b3423e76adc7",
  "archivos": {
    "private": "/home/markmur88/Documentos/GitHub/api_bank_h2/schemas/keys/private_key.pem",
    "public": "/home/markmur88/Documentos/GitHub/api_bank_h2/schemas/keys/public_key.pem",
    "jwks": "/home/markmur88/Documentos/GitHub/api_bank_h2/schemas/keys/jwks_public.json"
  },
  "kid": "cd2f65f0-efad-4629-8856-eed38f20fa5b"
}
{
  "timestamp": "2025-05-27T11:53:37.650816",
  "usuario": "7c1e2c53-8cc3-4ea0-bdd6-b3423e76adc7",
  "archivos": {
    "private": "/home/markmur88/Documentos/GitHub/api_bank_h2/schemas/keys/private_key.pem",
    "public": "/home/markmur88/Documentos/GitHub/api_bank_h2/schemas/keys/public_key.pem",
    "jwks": "/home/markmur88/Documentos/GitHub/api_bank_h2/schemas/keys/jwks_public.json"
  },
  "kid": "7ed9e904-a421-4d49-8e9d-4a453b2d63c8"
}
{
  "timestamp": "2025-05-27T22:41:25.260437",
  "usuario": "7c1e2c53-8cc3-4ea0-bdd6-b3423e76adc7",
  "archivos": {
    "private": "/home/markmur88/Documentos/GitHub/api_bank_h2/schemas/keys/ecdsa_private_key.pem",
    "public": "/home/markmur88/Documentos/GitHub/api_bank_h2/schemas/keys/ecdsa_public_key.pem",
    "jwks": "/home/markmur88/Documentos/GitHub/api_bank_h2/schemas/keys/jwks_public.json"
  },
  "kid": "b6a76cab-6f3c-4731-8b66-75e7a422e2a3"
}
{
  "timestamp": "2025-05-27T22:51:44.795892",
  "usuario": "7c1e2c53-8cc3-4ea0-bdd6-b3423e76adc7",
  "archivos": {
    "private": "/home/markmur88/Documentos/GitHub/api_bank_h2/schemas/keys/ecdsa_private_key.pem",
    "public": "/home/markmur88/Documentos/GitHub/api_bank_h2/schemas/keys/ecdsa_public_key.pem",
    "jwks": "/home/markmur88/Documentos/GitHub/api_bank_h2/schemas/keys/jwks_public.json"
  },
  "kid": "17e28f49-9073-4368-8f76-7a3a5b615904"
}
{
  "timestamp": "2025-05-27T22:54:08.056303",
  "usuario": "7c1e2c53-8cc3-4ea0-bdd6-b3423e76adc7",
  "archivos": {
    "private": "/home/markmur88/Documentos/GitHub/api_bank_h2/schemas/keys/ecdsa_private_key.pem",
    "public": "/home/markmur88/Documentos/GitHub/api_bank_h2/schemas/keys/ecdsa_public_key.pem",
    "jwks": "/home/markmur88/Documentos/GitHub/api_bank_h2/schemas/keys/jwks_public.json"
  },
  "kid": "a36d84e3-03ab-4c31-93fe-5d429aabbfbf"
}
{
  "timestamp": "2025-05-27T22:56:24.547311",
  "usuario": "7c1e2c53-8cc3-4ea0-bdd6-b3423e76adc7",
  "archivos": {
    "private": "/home/markmur88/Documentos/GitHub/api_bank_h2/schemas/keys/ecdsa_private_key.pem",
    "public": "/home/markmur88/Documentos/GitHub/api_bank_h2/schemas/keys/ecdsa_public_key.pem",
    "jwks": "/home/markmur88/Documentos/GitHub/api_bank_h2/schemas/keys/jwks_public.json"
  },
  "kid": "a6607f9e-ca0d-4f09-8f6e-002dba90abce"
}
{
  "timestamp": "2025-05-27T23:07:27.509092",
  "usuario": "7c1e2c53-8cc3-4ea0-bdd6-b3423e76adc7",
  "archivos": {
    "private": "/home/markmur88/Documentos/GitHub/api_bank_h2/schemas/keys/ecdsa_private_key.pem",
    "public": "/home/markmur88/Documentos/GitHub/api_bank_h2/schemas/keys/ecdsa_public_key.pem",
    "jwks": "/home/markmur88/Documentos/GitHub/api_bank_h2/schemas/keys/jwks_public.json"
  },
  "kid": "02efe9da-f912-441f-883a-365132d3073a"
}
{
  "timestamp": "2025-05-27T23:16:51.833458",
  "usuario": "7c1e2c53-8cc3-4ea0-bdd6-b3423e76adc7",
  "archivos": {
    "private": "/home/markmur88/Documentos/GitHub/api_bank_h2/schemas/keys/ecdsa_private_key.pem",
    "public": "/home/markmur88/Documentos/GitHub/api_bank_h2/schemas/keys/ecdsa_public_key.pem",
    "jwks": "/home/markmur88/Documentos/GitHub/api_bank_h2/schemas/keys/jwks_public.json"
  },
  "kid": "c57bf4af-9de3-4c4c-b668-e397adf3a9a0"
}
{
  "timestamp": "2025-05-27T23:24:25.038609",
  "usuario": "7c1e2c53-8cc3-4ea0-bdd6-b3423e76adc7",
  "archivos": {
    "private": "/home/markmur88/Documentos/GitHub/api_bank_h2/schemas/keys/ecdsa_private_key.pem",
    "public": "/home/markmur88/Documentos/GitHub/api_bank_h2/schemas/keys/ecdsa_public_key.pem",
    "jwks": "/home/markmur88/Documentos/GitHub/api_bank_h2/schemas/keys/jwks_public.json"
  },
  "kid": "4d0d8386-6e5e-4642-9a76-713c2fd9a6ec"
}
{
  "timestamp": "2025-05-27T23:31:06.841900",
  "usuario": "7c1e2c53-8cc3-4ea0-bdd6-b3423e76adc7",
  "archivos": {
    "private": "/home/markmur88/Documentos/GitHub/api_bank_h2/schemas/keys/ecdsa_private_key.pem",
    "public": "/home/markmur88/Documentos/GitHub/api_bank_h2/schemas/keys/ecdsa_public_key.pem",
    "jwks": "/home/markmur88/Documentos/GitHub/api_bank_h2/schemas/keys/jwks_public.json"
  },
  "kid": "f854c898-a11b-487f-9612-d1c7dc1d4e2d"
}
{
  "timestamp": "2025-05-27T23:51:28.438218",
  "usuario": "7c1e2c53-8cc3-4ea0-bdd6-b3423e76adc7",
  "archivos": {
    "private": "/home/markmur88/Documentos/GitHub/api_bank_h2/schemas/keys/ecdsa_private_key.pem",
    "public": "/home/markmur88/Documentos/GitHub/api_bank_h2/schemas/keys/ecdsa_public_key.pem",
    "jwks": "/home/markmur88/Documentos/GitHub/api_bank_h2/schemas/keys/jwks_public.json"
  },
  "kid": "afb9c185-0b66-4380-b40d-f4320b0648b0"
}
{
  "timestamp": "2025-05-28T00:10:22.029897",
  "usuario": "7c1e2c53-8cc3-4ea0-bdd6-b3423e76adc7",
  "archivos": {
    "private": "/home/markmur88/Documentos/GitHub/api_bank_h2/schemas/keys/ecdsa_private_key.pem",
    "public": "/home/markmur88/Documentos/GitHub/api_bank_h2/schemas/keys/ecdsa_public_key.pem",
    "jwks": "/home/markmur88/Documentos/GitHub/api_bank_h2/schemas/keys/jwks_public.json"
  },
  "kid": "3609ad5a-b0c4-4865-87ca-7039dc58fb9d"
}
{
  "timestamp": "2025-05-28T00:18:01.997793",
  "usuario": "7c1e2c53-8cc3-4ea0-bdd6-b3423e76adc7",
  "archivos": {
    "private": "/home/markmur88/Documentos/GitHub/api_bank_h2/schemas/keys/ecdsa_private_key.pem",
    "public": "/home/markmur88/Documentos/GitHub/api_bank_h2/schemas/keys/ecdsa_public_key.pem",
    "jwks": "/home/markmur88/Documentos/GitHub/api_bank_h2/schemas/keys/jwks_public.json"
  },
  "kid": "c5fe10ea-32d9-4fac-9eb0-39d3ad4679c0"
}
{
  "timestamp": "2025-05-28T00:24:58.067128",
  "usuario": "7c1e2c53-8cc3-4ea0-bdd6-b3423e76adc7",
  "archivos": {
    "private": "/home/markmur88/Documentos/GitHub/api_bank_h2/schemas/keys/ecdsa_private_key.pem",
    "public": "/home/markmur88/Documentos/GitHub/api_bank_h2/schemas/keys/ecdsa_public_key.pem",
    "jwks": "/home/markmur88/Documentos/GitHub/api_bank_h2/schemas/keys/jwks_public.json"
  },
  "kid": "79a8d95c-b700-443b-a0fe-4cfd9d5fbd61"
}
{
  "timestamp": "2025-05-28T00:35:16.831001",
  "usuario": "7c1e2c53-8cc3-4ea0-bdd6-b3423e76adc7",
  "archivos": {
    "private": "/home/markmur88/Documentos/GitHub/api_bank_h2/schemas/keys/ecdsa_private_key.pem",
    "public": "/home/markmur88/Documentos/GitHub/api_bank_h2/schemas/keys/ecdsa_public_key.pem",
    "jwks": "/home/markmur88/Documentos/GitHub/api_bank_h2/schemas/keys/jwks_public.json"
  },
  "kid": "97bcd4d8-2e7c-488c-a8d1-90c211040c02"
}
{
  "timestamp": "2025-05-28T00:42:15.398567",
  "usuario": "7c1e2c53-8cc3-4ea0-bdd6-b3423e76adc7",
  "archivos": {
    "private": "/home/markmur88/Documentos/GitHub/api_bank_h2/schemas/keys/ecdsa_private_key.pem",
    "public": "/home/markmur88/Documentos/GitHub/api_bank_h2/schemas/keys/ecdsa_public_key.pem",
    "jwks": "/home/markmur88/Documentos/GitHub/api_bank_h2/schemas/keys/jwks_public.json"
  },
  "kid": "4191ed2e-177e-45a4-835e-f8fa63f080c4"
}
{
  "timestamp": "2025-05-28T01:01:00.993841",
  "usuario": "7c1e2c53-8cc3-4ea0-bdd6-b3423e76adc7",
  "archivos": {
    "private": "/home/markmur88/Documentos/GitHub/api_bank_h2/schemas/keys/ecdsa_private_key.pem",
    "public": "/home/markmur88/Documentos/GitHub/api_bank_h2/schemas/keys/ecdsa_public_key.pem",
    "jwks": "/home/markmur88/Documentos/GitHub/api_bank_h2/schemas/keys/jwks_public.json"
  },
  "kid": "0fa22533-98bf-4f2f-8bb4-21ade26afe64"
}
{
  "timestamp": "2025-05-28T01:09:01.611173",
  "usuario": "7c1e2c53-8cc3-4ea0-bdd6-b3423e76adc7",
  "archivos": {
    "private": "/home/markmur88/Documentos/GitHub/api_bank_h2/schemas/keys/ecdsa_private_key.pem",
    "public": "/home/markmur88/Documentos/GitHub/api_bank_h2/schemas/keys/ecdsa_public_key.pem",
    "jwks": "/home/markmur88/Documentos/GitHub/api_bank_h2/schemas/keys/jwks_public.json"
  },
  "kid": "1a22d9a9-d664-4bff-88e2-93974351f0be"
}
{
  "timestamp": "2025-05-28T02:55:12.296480",
  "usuario": "7c1e2c53-8cc3-4ea0-bdd6-b3423e76adc7",
  "archivos": {
    "private": "/home/markmur88/Documentos/GitHub/api_bank_h2/schemas/keys/ecdsa_private_key.pem",
    "public": "/home/markmur88/Documentos/GitHub/api_bank_h2/schemas/keys/ecdsa_public_key.pem",
    "jwks": "/home/markmur88/Documentos/GitHub/api_bank_h2/schemas/keys/jwks_public.json"
  },
  "kid": "c035d705-7448-4c72-a195-3c1e13e0372f"
}
{
  "timestamp": "2025-05-28T05:03:40.866270",
  "usuario": "7c1e2c53-8cc3-4ea0-bdd6-b3423e76adc7",
  "archivos": {
    "private": "/home/markmur88/Documentos/GitHub/api_bank_h2/schemas/keys/ecdsa_private_key.pem",
    "public": "/home/markmur88/Documentos/GitHub/api_bank_h2/schemas/keys/ecdsa_public_key.pem",
    "jwks": "/home/markmur88/Documentos/GitHub/api_bank_h2/schemas/keys/jwks_public.json"
  },
  "kid": "7b7187ee-1adf-46ec-b057-377e6e14dac8"
}
{
  "timestamp": "2025-05-28T05:13:10.739022",
  "usuario": "7c1e2c53-8cc3-4ea0-bdd6-b3423e76adc7",
  "archivos": {
    "private": "/home/markmur88/Documentos/GitHub/api_bank_h2/schemas/keys/ecdsa_private_key.pem",
    "public": "/home/markmur88/Documentos/GitHub/api_bank_h2/schemas/keys/ecdsa_public_key.pem",
    "jwks": "/home/markmur88/Documentos/GitHub/api_bank_h2/schemas/keys/jwks_public.json"
  },
  "kid": "8f20f319-8511-4cd7-87bf-ba9b82ea5010"
}
{
  "timestamp": "2025-05-28T05:36:31.409193",
  "usuario": "7c1e2c53-8cc3-4ea0-bdd6-b3423e76adc7",
  "archivos": {
    "private": "/home/markmur88/Documentos/GitHub/api_bank_h2/schemas/keys/ecdsa_private_key.pem",
    "public": "/home/markmur88/Documentos/GitHub/api_bank_h2/schemas/keys/ecdsa_public_key.pem",
    "jwks": "/home/markmur88/Documentos/GitHub/api_bank_h2/schemas/keys/jwks_public.json"
  },
  "kid": "12acc28e-1605-447b-9978-13a9e5a966c6"
}
{
  "timestamp": "2025-05-28T05:48:14.222824",
  "usuario": "7c1e2c53-8cc3-4ea0-bdd6-b3423e76adc7",
  "archivos": {
    "private": "/home/markmur88/Documentos/GitHub/api_bank_h2/schemas/keys/ecdsa_private_key.pem",
    "public": "/home/markmur88/Documentos/GitHub/api_bank_h2/schemas/keys/ecdsa_public_key.pem",
    "jwks": "/home/markmur88/Documentos/GitHub/api_bank_h2/schemas/keys/jwks_public.json"
  },
  "kid": "656cc884-f92d-4602-bbf6-a55a3df6b595"
}
{
  "timestamp": "2025-05-28T06:51:38.695149",
  "usuario": "7c1e2c53-8cc3-4ea0-bdd6-b3423e76adc7",
  "archivos": {
    "private": "/home/markmur88/Documentos/GitHub/api_bank_h2/schemas/keys/ecdsa_private_key.pem",
    "public": "/home/markmur88/Documentos/GitHub/api_bank_h2/schemas/keys/ecdsa_public_key.pem",
    "jwks": "/home/markmur88/Documentos/GitHub/api_bank_h2/schemas/keys/jwks_public.json"
  },
  "kid": "6c277147-c6bb-4014-86bc-d18e6a0a3303"
}
{
  "timestamp": "2025-05-28T07:30:03.890896",
  "usuario": "7c1e2c53-8cc3-4ea0-bdd6-b3423e76adc7",
  "archivos": {
    "private": "/home/markmur88/Documentos/GitHub/api_bank_h2/schemas/keys/ecdsa_private_key.pem",
    "public": "/home/markmur88/Documentos/GitHub/api_bank_h2/schemas/keys/ecdsa_public_key.pem",
    "jwks": "/home/markmur88/Documentos/GitHub/api_bank_h2/schemas/keys/jwks_public.json"
  },
  "kid": "03a3531d-ec09-44a4-a25a-50ebe1547880"
}
{
  "timestamp": "2025-05-28T08:20:11.913341",
  "usuario": "7c1e2c53-8cc3-4ea0-bdd6-b3423e76adc7",
  "archivos": {
    "private": "/home/markmur88/Documentos/GitHub/api_bank_h2/schemas/keys/ecdsa_private_key.pem",
    "public": "/home/markmur88/Documentos/GitHub/api_bank_h2/schemas/keys/ecdsa_public_key.pem",
    "jwks": "/home/markmur88/Documentos/GitHub/api_bank_h2/schemas/keys/jwks_public.json"
  },
  "kid": "3d8d4f3e-4b5c-48a9-bff7-f48d65a7d0b7"
}
{
  "timestamp": "2025-05-28T08:25:11.401252",
  "usuario": "7c1e2c53-8cc3-4ea0-bdd6-b3423e76adc7",
  "archivos": {
    "private": "/home/markmur88/Documentos/GitHub/api_bank_h2/schemas/keys/ecdsa_private_key.pem",
    "public": "/home/markmur88/Documentos/GitHub/api_bank_h2/schemas/keys/ecdsa_public_key.pem",
    "jwks": "/home/markmur88/Documentos/GitHub/api_bank_h2/schemas/keys/jwks_public.json"
  },
  "kid": "d6f7ffe8-a6e3-4fc0-942b-24389091a160"
}
{
  "timestamp": "2025-05-28T08:30:52.181886",
  "usuario": "7c1e2c53-8cc3-4ea0-bdd6-b3423e76adc7",
  "archivos": {
    "private": "/home/markmur88/Documentos/GitHub/api_bank_h2/schemas/keys/ecdsa_private_key.pem",
    "public": "/home/markmur88/Documentos/GitHub/api_bank_h2/schemas/keys/ecdsa_public_key.pem",
    "jwks": "/home/markmur88/Documentos/GitHub/api_bank_h2/schemas/keys/jwks_public.json"
  },
  "kid": "440244d8-fa86-492a-b0ea-baec21ee0707"
}
{
  "timestamp": "2025-05-28T08:49:15.195231",
  "usuario": "7c1e2c53-8cc3-4ea0-bdd6-b3423e76adc7",
  "archivos": {
    "private": "/home/markmur88/Documentos/GitHub/api_bank_h2/schemas/keys/ecdsa_private_key.pem",
    "public": "/home/markmur88/Documentos/GitHub/api_bank_h2/schemas/keys/ecdsa_public_key.pem",
    "jwks": "/home/markmur88/Documentos/GitHub/api_bank_h2/schemas/keys/jwks_public.json"
  },
  "kid": "23caa91a-f7e3-4122-9098-a08cc4b24aa8"
}
{
  "timestamp": "2025-05-28T09:06:29.445293",
  "usuario": "7c1e2c53-8cc3-4ea0-bdd6-b3423e76adc7",
  "archivos": {
    "private": "/home/markmur88/Documentos/GitHub/api_bank_h2/schemas/keys/ecdsa_private_key.pem",
    "public": "/home/markmur88/Documentos/GitHub/api_bank_h2/schemas/keys/ecdsa_public_key.pem",
    "jwks": "/home/markmur88/Documentos/GitHub/api_bank_h2/schemas/keys/jwks_public.json"
  },
  "kid": "cc529f3b-7da1-4722-9a11-d4a9ee5f2bb5"
}
{
  "timestamp": "2025-05-28T09:17:59.683763",
  "usuario": "7c1e2c53-8cc3-4ea0-bdd6-b3423e76adc7",
  "archivos": {
    "private": "/home/markmur88/Documentos/GitHub/api_bank_h2/schemas/keys/ecdsa_private_key.pem",
    "public": "/home/markmur88/Documentos/GitHub/api_bank_h2/schemas/keys/ecdsa_public_key.pem",
    "jwks": "/home/markmur88/Documentos/GitHub/api_bank_h2/schemas/keys/jwks_public.json"
  },
  "kid": "afacf13f-5237-4108-ac85-b377486f6d03"
}
{
  "timestamp": "2025-05-28T09:22:40.755179",
  "usuario": "7c1e2c53-8cc3-4ea0-bdd6-b3423e76adc7",
  "archivos": {
    "private": "/home/markmur88/Documentos/GitHub/api_bank_h2/schemas/keys/ecdsa_private_key.pem",
    "public": "/home/markmur88/Documentos/GitHub/api_bank_h2/schemas/keys/ecdsa_public_key.pem",
    "jwks": "/home/markmur88/Documentos/GitHub/api_bank_h2/schemas/keys/jwks_public.json"
  },
  "kid": "1181254b-9d59-45cf-8040-f01fff91bdcd"
}
{
  "timestamp": "2025-05-28T09:25:29.499869",
  "usuario": "7c1e2c53-8cc3-4ea0-bdd6-b3423e76adc7",
  "archivos": {
    "private": "/home/markmur88/Documentos/GitHub/api_bank_h2/schemas/keys/ecdsa_private_key.pem",
    "public": "/home/markmur88/Documentos/GitHub/api_bank_h2/schemas/keys/ecdsa_public_key.pem",
    "jwks": "/home/markmur88/Documentos/GitHub/api_bank_h2/schemas/keys/jwks_public.json"
  },
  "kid": "c1e74cc2-f714-4f80-ae71-699bc3dc5060"
}
{
  "timestamp": "2025-05-29T20:28:38.563815",
  "usuario": "7c1e2c53-8cc3-4ea0-bdd6-b3423e76adc7",
  "archivos": {
    "private": "/home/markmur88/Documentos/GitHub/api_bank_h2/schemas/keys/ecdsa_private_key.pem",
    "public": "/home/markmur88/Documentos/GitHub/api_bank_h2/schemas/keys/ecdsa_public_key.pem",
    "jwks": "/home/markmur88/Documentos/GitHub/api_bank_h2/schemas/keys/jwks_public.json"
  },
  "kid": "3266d188-9fe8-4a56-93ad-0c595da299d4"
}
{
  "timestamp": "2025-05-29T20:37:51.045387",
  "usuario": "7c1e2c53-8cc3-4ea0-bdd6-b3423e76adc7",
  "archivos": {
    "private": "/home/markmur88/Documentos/GitHub/api_bank_h2/schemas/keys/ecdsa_private_key.pem",
    "public": "/home/markmur88/Documentos/GitHub/api_bank_h2/schemas/keys/ecdsa_public_key.pem",
    "jwks": "/home/markmur88/Documentos/GitHub/api_bank_h2/schemas/keys/jwks_public.json"
  },
  "kid": "6316220d-fc7b-4678-902c-1cdf60acbc8e"
}
