🆕 [H2] Proyecto local: /home/markmur88/api_bank_h2
🧹 [H2] Eliminando patrones excluidos en VPS...
🗑 [H2] Borrando: *.zip
🔄 [H2] Iniciando rsync local→VPS...
sending incremental file list
deleting Simulador/tor_data/keys/
deleting Simulador/tor_data/hidden_service/authorized_clients/
deleting Simulador/tor_data/hidden_service/
deleting Simulador/tor_data/
deleting Simulador/simulador_banco/staticfiles/admin/js/vendor/xregexp/
deleting Simulador/simulador_banco/staticfiles/admin/js/vendor/select2/i18n/
deleting Simulador/simulador_banco/staticfiles/admin/js/vendor/select2/
deleting Simulador/simulador_banco/staticfiles/admin/js/vendor/jquery/
deleting Simulador/simulador_banco/staticfiles/admin/js/vendor/
deleting Simulador/simulador_banco/staticfiles/admin/js/admin/
deleting Simulador/simulador_banco/staticfiles/admin/js/
deleting Simulador/simulador_banco/staticfiles/admin/img/gis/
deleting Simulador/simulador_banco/staticfiles/admin/img/
deleting Simulador/simulador_banco/staticfiles/admin/css/vendor/select2/
deleting Simulador/simulador_banco/staticfiles/admin/css/vendor/
deleting Simulador/simulador_banco/staticfiles/admin/css/
deleting Simulador/simulador_banco/staticfiles/admin/
deleting Simulador/simulador_banco/staticfiles/
deleting Simulador/simulador_banco/static/
deleting Simulador/simulador_banco/simulador_banco/
deleting Simulador/simulador_banco/
deleting Simulador/scripts/
deleting Simulador/logs/
deleting Simulador/
./
.git/
.git/COMMIT_EDITMSG
.git/config
.git/index
.git/logs/HEAD
.git/logs/refs/heads/main
.git/logs/refs/remotes/origin/main
.git/objects/
.git/objects/04/
.git/objects/04/3b054a9cbf5694bd870400a4c6bb5e8b1f392c
.git/objects/09/
.git/objects/09/a733f2020a7cbf3b7345830f7f49669f1ddd82
.git/objects/3b/
.git/objects/3b/434ad11a2d19c56e939ad18947e5f0615dc8dc
.git/objects/41/
.git/objects/41/c9fc61641ebb7f35fe229de1bd9d1f9667c197
.git/objects/57/
.git/objects/57/26c716ec753844bbf557a85d9803f3f3d6a858
.git/objects/8c/
.git/objects/8c/042e41b592a35fae0d111a53fd30ed4a2e1c12
.git/objects/8d/
.git/objects/8d/6ed537b45f15177d90a989a37cd9bf81fdb77c
.git/objects/9b/
.git/objects/9b/59cdba4bb9aed8934307500d33f8e6e1d6ad3f
.git/objects/a5/
.git/objects/a5/ac351ad9cb79c841f479ead781c89272976984
.git/objects/a8/
.git/objects/a8/5cfe349488fedaa5780a4e00e28a9361d86486
.git/objects/ac/
.git/objects/ac/f1c228cc257c85a5fa10233c5e4129f612b039
.git/objects/b6/
.git/objects/b6/3492090b958d7df1a04aa6692effc51ea12a59
.git/objects/b6/affcc2164410a833cb15f4fe05676d3acef53d
.git/objects/c5/
.git/objects/c5/55f8c714ee88baf95407e62422f6c68cc9e5a8
.git/objects/df/
.git/objects/df/5f3d36d6fef2ce421180a5f695f5411d4ecd09
.git/objects/e6/
.git/objects/e6/2d6c02b9ddf413fcee0e17a668d70a29622a68
.git/refs/heads/
.git/refs/heads/main
.git/refs/remotes/origin/
.git/refs/remotes/origin/main
scripts/logs/commits_hist.md
scripts/logs/01_full_deploy/full_deploy.log
scripts/logs/despliegue/00_07_postgres_.log
scripts/logs/despliegue/00_08_migraciones_.log
scripts/logs/despliegue/00_14_sincronizacion_archivos_.log
scripts/logs/despliegue/00_16_01_subir_GitHub.log
scripts/logs/sync/
scripts/logs/sync/20250613_051544_sync.log
scripts/logs/sync/20250613_051737_sync.log

sent 3.048.105 bytes  received 45.842 bytes  187.511,94 bytes/sec
total size is 438.747.217  speedup is 141,81
✅ [H2] Sincronización completada.
🆕 [HK] Proyecto local: /home/markmur88/api_bank_heroku
🧹 [HK] Eliminando patrones excluidos en VPS...
🗑 [HK] Borrando: *.zip
🔄 [HK] Iniciando rsync local→VPS...
sending incremental file list
deleting schemas/transferencias/
deleting schemas/
deleting api.sock
./
deleting scripts/chmod_log.txt
deleting scripts/backup/00_02_zip_backup copy.sh
deleting scripts/deploy/django/00_11_hacer_json copy.sh
deleting scripts/deploy/django/00_09_cargar_json copy.sh
deleting scripts/deploy/vps/vps_backup/00_18_01_01_setup_coretransact_root copy.sh
config/settings/__init__.py
scripts/
scripts/.zshrc
scripts/dirs.sh
scripts/.logs/
scripts/.logs/notificador.log
scripts/.logs/notificador_30.log
scripts/backup/
scripts/backup/00_02_zip_backup.sh
scripts/backup/00_14_sincronizacion_archivos.sh
scripts/backup/00_17_sincronizar_bdd.sh
scripts/backup/00_19_borrar_zip_sql.sh
scripts/deploy/django/
scripts/deploy/django/00_07_postgres.sh
scripts/deploy/django/00_08_migraciones.sh
scripts/deploy/django/00_09_cargar_json.sh
scripts/deploy/django/00_10_usuario.sh
scripts/deploy/django/00_11_hacer_json.sh
scripts/deploy/django/00_13_verificar_transferencias.sh
scripts/deploy/github/
scripts/deploy/github/00_16_01_subir_GitHub.sh
scripts/deploy/github/00_24_sync_from_github.sh
scripts/deploy/github/deploy_full.sh
scripts/deploy/heroku/
scripts/deploy/heroku/00_15_variables_heroku.sh
scripts/deploy/heroku/00_16_subir_heroku.sh
scripts/deploy/heroku/00_eliminar_config_vars.sh
scripts/deploy/heroku/set_heroku_env.sh
scripts/deploy/vps/
scripts/deploy/vps/00_18_00_deploy_njalla.sh
scripts/deploy/vps/00_18_01_00_setup_coretransact.sh
scripts/deploy/vps/00_18_01_01_setup_coretransact.sh
scripts/deploy/vps/00_18_01_02_setup_coretransact.sh
scripts/deploy/vps/00_18_01_03_setup_coretransact.sh
scripts/deploy/vps/00_18_01_04_setup_coretransact.sh
scripts/deploy/vps/00_18_01_05_setup_coretransact.sh
scripts/deploy/vps/00_18_01_setup_coretransapi.sh
scripts/deploy/vps/00_18_02_verificar_https_headers.sh
scripts/deploy/vps/00_18_03_reporte_salud_vps.sh
scripts/deploy/vps/00_18_04_generar_clave_pgp_njalla.sh
scripts/deploy/vps/00_18_05_deploy_update.sh
scripts/deploy/vps/00_18_06_restart_coretransapi.sh
scripts/deploy/vps/00_18_07_status_coretransapi.sh
scripts/deploy/vps/00_18_08_check_ssl_ports.sh
scripts/deploy/vps/00_18_09_all_status_coretransapi.sh
scripts/deploy/vps/21_deploy_ghost_njalla.sh
scripts/deploy/vps/24_rsync_project.sh
scripts/deploy/vps/25_update_ddns_njalla.sh
scripts/deploy/vps/26_backup_sync_encrypt.sh
scripts/deploy/vps/excludes.txt
scripts/deploy/vps/sync.sh
scripts/deploy/vps/sync_configs_from_vps.sh
scripts/deploy/vps/sync_configs_to_vps.sh
scripts/deploy/vps/sync_local_and_vps.sh
scripts/deploy/vps/vps_copy_files.sh
scripts/deploy/vps/vps_copy_up_files.sh
scripts/deploy/vps/vps_remote_check.sh
scripts/deploy/vps/vps_status.sh
scripts/deploy/vps/vps_sync.sh
scripts/deploy/vps/vps_sync_clean.sh
scripts/deploy/vps/vps_backup/
scripts/deploy/vps/vps_backup/00_18_01_01_setup_coretransact.sh
scripts/deploy/vps/vps_backup/00_18_01_01_setup_coretransact_root.sh
scripts/deploy/vps/vps_backup/00_18_01_01_setup_coretransact_root_FASE1.sh
scripts/deploy/vps/vps_backup/00_18_01_01_setup_coretransact_root_FASE2.sh
scripts/deploy/vps/vps_backup/torrc
scripts/logs/
scripts/logs/commits_hist.md
scripts/logs/deploy_njalla.log
scripts/logs/respaldo_local_cifrado.log
scripts/logs/restaurar_local_descifrado.log
scripts/logs/00_18_00_deploy_njalla/
scripts/logs/00_18_00_deploy_njalla/00_18_00_deploy_njalla.log
scripts/logs/00_18_01_00_deploy_njalla/
scripts/logs/00_18_01_00_deploy_njalla/00_18_00_deploy_njalla.log
scripts/logs/00_18_01_01_deploy_njalla/
scripts/logs/00_18_01_01_deploy_njalla/00_18_00_deploy_njalla.log
scripts/logs/00_18_01_05_deploy_njalla/
scripts/logs/00_18_01_05_deploy_njalla/00_18_00_deploy_njalla.log
scripts/logs/00_18_05_deploy_update/
scripts/logs/00_18_05_deploy_update/00_18_05_deploy_update.log
scripts/logs/01_full_deploy/
scripts/logs/01_full_deploy/full_deploy.log
scripts/logs/backup/
scripts/logs/backup/00_02_zip_backup_.log
scripts/logs/backup/00_19_borrar_zip_sql_.log
scripts/logs/despliegue/
scripts/logs/despliegue/00_07_postgres_.log
scripts/logs/despliegue/00_08_migraciones_.log
scripts/logs/despliegue/00_09_cargar_json.log
scripts/logs/despliegue/00_09_cargar_json_.log
scripts/logs/despliegue/00_10_usuario_.log
scripts/logs/despliegue/00_11_hacer_json_.log
scripts/logs/despliegue/00_14_sincronizacion_archivos_.log
scripts/logs/despliegue/00_16_01_subir_GitHub.log
scripts/logs/despliegue/00_16_subir_heroku.log
scripts/logs/despliegue/00_17_sincronizar_bdd_.log
scripts/logs/despliegue/00_18_00_deploy_njalla_.log
scripts/logs/despliegue/00_18_01_01_deploy_njalla_.log
scripts/logs/despliegue/00_21_local_ssl.log
scripts/logs/despliegue/00_21_local_ssl_.log
scripts/logs/despliegue/deploy_njalla_.log
scripts/logs/despliegue/restart_gunicorn.log
scripts/logs/gpg_keys/
scripts/logs/gpg_keys/fingerprint.txt
scripts/logs/gpg_keys/jmoltke_private.asc
scripts/logs/gpg_keys/jmoltke_public.asc
scripts/logs/sistema/
scripts/logs/sistema/00_01_sistema_.log
scripts/logs/sistema/00_03_puertos_.log
scripts/logs/sistema/00_04_container_.log
scripts/logs/sistema/00_05_mac_.log
scripts/logs/sistema/00_06_ufw_.log
scripts/logs/sistema/ports_stop_.log
scripts/logs/sync/
scripts/logs/sync/20250601_070242_sync.log
scripts/logs/sync/20250601_072018_sync.log
scripts/logs/sync/20250601_072106_sync.log
scripts/logs/sync/20250601_072748_sync.log
scripts/logs/sync/20250601_072754_sync.log
scripts/logs/sync/20250601_074006_sync.log
scripts/logs/sync/20250601_074154_sync.log
scripts/logs/sync/20250601_075413_sync.log
scripts/logs/sync/20250602_190124_sync.log
scripts/logs/sync/20250602_190306_sync.log
scripts/logs/sync/20250602_190339_sync.log
scripts/logs/sync/20250602_191021_sync.log
scripts/logs/sync/20250602_193439_sync.log
scripts/logs/sync/20250603_045422_sync.log
scripts/logs/sync/20250603_070935_sync.log
scripts/logs/sync/20250603_071021_sync.log
scripts/logs/sync/20250603_074707_sync.log
scripts/logs/sync/20250603_075621_sync.log
scripts/logs/sync/20250603_082506_sync.log
scripts/logs/sync/20250603_082614_sync.log
scripts/logs/sync/20250603_085144_sync.log
scripts/logs/sync/20250603_110933_sync.log
scripts/logs/sync/20250604_085855_sync.log
scripts/logs/sync/20250604_090149_sync.log
scripts/logs/sync/20250604_090909_sync.log
scripts/logs/sync/20250604_092254_sync.log
scripts/logs/sync/20250605_064149_sync.log
scripts/logs/sync/20250605_064742_sync.log
scripts/logs/sync/20250605_065830_sync.log
scripts/logs/sync/20250605_073519_sync_clean.log
scripts/logs/sync/20250605_074529_sync_clean.log
scripts/logs/sync/20250605_074641_sync_clean.log
scripts/logs/sync/20250605_080428_sync_clean.log
scripts/logs/sync/20250605_080938_sync_clean.log
scripts/logs/sync/20250605_080957_sync_clean.log
scripts/logs/sync/20250605_081104_sync_clean.log
scripts/logs/sync/20250605_081220_sync_clean.log
scripts/logs/sync/20250605_081735_sync.log
scripts/logs/sync/20250605_081751_sync_clean.log
scripts/logs/sync/20250605_081914_sync_clean.log
scripts/logs/sync/20250605_082417_sync_clean.log
scripts/logs/sync/20250605_082954_sync_clean.log
scripts/logs/sync/20250605_083546_sync_clean.log
scripts/logs/sync/20250605_083721_sync_clean.log
scripts/logs/sync/20250605_083844_sync_clean.log
scripts/logs/sync/20250605_084252_sync_clean.log
scripts/logs/sync/20250605_084434_sync_clean.log
scripts/logs/sync/20250605_084953_sync_clean.log
scripts/logs/sync/20250605_085227_sync_clean.log
scripts/logs/sync/20250605_085340_sync_clean.log
scripts/logs/sync/20250605_085604_sync_clean.log
scripts/logs/sync/20250605_085937_sync_clean.log
scripts/logs/sync/20250605_090714_sync_clean.log
scripts/logs/sync/20250605_090904_sync_clean.log
scripts/logs/sync/20250605_091117_sync_clean.log
scripts/logs/sync/20250605_091519_sync_clean.log
scripts/logs/sync/20250605_091859_sync_clean.log
scripts/logs/sync/20250605_111443_sync_clean.log
scripts/logs/sync/20250605_112241_sync_clean.log
scripts/logs/sync/20250605_112847_sync_clean.log
scripts/logs/sync/20250605_125217_sync_clean.log
scripts/logs/sync/20250605_131942_sync_clean.log
scripts/logs/sync/20250605_211807_sync_clean.log
scripts/logs/sync/20250606_005452_sync_clean.log
scripts/logs/sync/20250606_025448_sync_clean.log
scripts/logs/sync/20250606_033107_sync_clean.log
scripts/logs/sync/20250606_033314_sync_clean.log
scripts/logs/sync/20250606_053221_sync_clean.log
scripts/logs/sync/20250606_060635_sync_clean.log
scripts/logs/sync/20250606_062746_sync_clean.log
scripts/logs/sync/20250606_063720_sync_clean.log
scripts/logs/sync/20250606_064619_sync_clean.log
scripts/logs/sync/20250606_065204_sync_clean.log
scripts/logs/sync/20250606_065410_sync_clean.log
scripts/logs/sync/20250606_073012_sync_clean.log
scripts/logs/sync/20250606_073621_sync_clean.log
scripts/logs/sync/20250606_075528_sync_clean.log
scripts/logs/sync/20250606_080037_sync_clean.log
scripts/logs/sync/20250606_081801_sync_clean.log
scripts/logs/sync/20250606_082112_sync_clean.log
scripts/logs/sync/20250606_082355_sync_clean.log
scripts/logs/sync/20250606_084511_sync_clean.log
scripts/logs/sync/20250606_085108_sync_clean.log
scripts/logs/sync/20250606_104750_sync_clean.log
scripts/logs/sync/20250606_124046_sync_clean.log
scripts/logs/sync/20250606_130352_sync_clean.log
scripts/logs/sync/20250606_132757_sync_clean.log
scripts/logs/sync/20250606_133000_sync_clean.log
scripts/logs/sync/20250606_134818_sync_clean.log
scripts/logs/sync/20250606_153913_sync.log
scripts/logs/sync/20250607_081558_sync_clean.log
scripts/logs/sync/20250607_083749_sync_clean.log
scripts/logs/sync/20250607_084403_sync_clean.log
scripts/logs/sync/20250607_084836_sync_clean.log
scripts/logs/sync/20250607_085117_sync_clean.log
scripts/logs/sync/20250607_085412_sync_clean.log
scripts/logs/sync/20250607_085626_sync_clean.log
scripts/logs/sync/20250607_090425_sync_clean.log
scripts/logs/sync/20250607_092857_sync_clean.log
scripts/logs/sync/20250607_093501_sync_clean.log
scripts/logs/sync/20250607_104234_sync_clean.log
scripts/logs/sync/20250607_110301_sync_clean.log
scripts/logs/sync/20250607_115008_sync_clean.log
scripts/logs/sync/20250607_133217_sync_clean.log
scripts/logs/sync/20250607_133616_sync_clean.log
scripts/logs/sync/20250607_133817_sync_clean.log
scripts/logs/sync/20250607_134357_sync_clean.log
scripts/logs/sync/20250607_134803_sync_clean.log
scripts/logs/sync/20250607_135314_sync_clean.log
scripts/logs/sync/20250607_135620_sync_clean.log
scripts/logs/sync/20250607_140105_sync_clean.log
scripts/logs/sync/20250607_140400_sync_clean.log
scripts/logs/sync/20250607_142247_sync_clean.log
scripts/logs/sync/20250607_143252_sync_clean.log
scripts/logs/sync/20250607_144750_sync_clean.log
scripts/logs/sync/20250607_145248_sync_clean.log
scripts/logs/sync/20250607_150411_sync_clean.log
scripts/logs/sync/20250607_150637_sync_clean.log
scripts/logs/sync/20250607_151413_sync_clean.log
scripts/logs/sync/20250607_152634_sync_clean.log
scripts/logs/sync/20250607_153702_sync_clean.log
scripts/logs/sync/20250607_154153_sync_clean.log
scripts/logs/sync/20250608_023017_sync_clean.log
scripts/logs/sync/20250608_024050_sync_clean.log
scripts/logs/sync/20250608_031447_sync_clean.log
scripts/logs/sync/20250608_031826_sync_clean.log
scripts/logs/sync/20250608_034809_sync_clean.log
scripts/logs/sync/20250608_044439_sync_clean.log
scripts/logs/sync/20250608_051323_sync.log
scripts/logs/sync/20250608_051700_sync.log
scripts/logs/sync/20250608_053050_sync.log
scripts/logs/sync/20250608_053437_sync.log
scripts/logs/sync/20250608_054658_sync_clean.log
scripts/logs/sync/20250608_055637_sync_clean.log
scripts/logs/sync/20250608_101201_sync_clean.log
scripts/logs/sync/20250608_103913_sync_clean.log
scripts/logs/sync/20250608_110755_sync_clean.log
scripts/logs/sync/20250608_111845_sync_clean.log
scripts/logs/sync/20250608_112814_sync_clean.log
scripts/logs/sync/20250608_113245_sync_clean.log
scripts/logs/sync/20250608_114736_sync_clean.log
scripts/logs/sync/20250608_121218_sync_clean.log
scripts/logs/sync/20250608_122315_sync_clean.log
scripts/logs/sync/20250608_122859_sync_clean.log
scripts/logs/sync/20250608_123033_sync_clean.log
scripts/logs/sync/20250608_123436_sync_clean.log
scripts/logs/sync/20250608_124032_sync_clean.log
scripts/logs/sync/20250608_150914_sync_clean.log
scripts/logs/sync/20250608_152555_sync_clean.log
scripts/logs/sync/20250608_160825_sync_clean.log
scripts/logs/sync/20250609_044928_sync_clean.log
deleting scripts/src/00_06_ufw copy.sh
deleting scripts/utils/chmod_log.txt
deleting scripts/utils/gestor-tareas/gestor/scripts/gestor_tareas_02 copy.sh
deleting scripts/utils/gestor-tareas/notify/notificador copy.sh
deleting scripts/utils/git/deploy/deploykey.conf
deleting scripts/utils/notas/instalador/notas/config.conf
deleting scripts/utils/simulator_bank/chmod_log.txt
deleting scripts/utils/simulator_bank/.gitignore
deleting scripts/utils/simulator_bank/.gitattributes
scripts/logs/sync/20250609_050301_sync_clean.log
scripts/logs/sync/20250609_052236_sync_clean.log
scripts/logs/sync/20250609_104617_sync_clean.log
scripts/logs/sync/20250609_105000_sync_clean.log
scripts/logs/sync/20250609_110819_sync.log
scripts/logs/sync/20250609_112839_sync.log
scripts/logs/sync/20250609_121034_sync_clean.log
scripts/logs/sync/20250609_125331_sync_clean.log
scripts/logs/sync/20250609_131036_sync_clean.log
scripts/logs/sync/20250609_131155_sync.log
scripts/logs/sync/20250609_135903_sync.log
scripts/logs/sync/20250610_044428_sync.log
scripts/logs/sync/20250610_053030_sync.log
scripts/logs/sync/20250610_054246_sync.log
scripts/logs/sync/20250610_054612_sync.log
scripts/logs/sync/20250610_055015_sync_clean.log
scripts/logs/sync/20250610_060921_sync_clean.log
scripts/logs/sync/20250610_070227_sync_clean.log
scripts/logs/sync/20250610_070840_sync.log
scripts/logs/sync/20250610_075107_sync_clean.log
scripts/logs/sync/20250610_130317_sync_clean.log
scripts/logs/sync/20250610_130600_sync_clean.log
scripts/logs/sync/20250610_235854_sync.log
scripts/logs/sync/20250611_000301_sync.log
scripts/logs/sync/20250611_001157_sync_clean.log
scripts/logs/sync/20250611_010430_sync_clean.log
scripts/logs/sync/20250611_010628_sync.log
scripts/logs/sync/20250611_011104_sync.log
scripts/logs/sync/20250611_011826_sync.log
scripts/logs/sync/20250611_011901_sync.log
scripts/logs/sync/20250611_013118_sync.log
scripts/logs/sync/20250611_013225_sync.log
scripts/logs/sync/20250611_013241_sync_clean.log
scripts/logs/sync/20250611_013758_sync_clean.log
scripts/logs/sync/20250613_044013_sync.log
scripts/logs/sync/20250613_051544_sync.log
scripts/menu/
scripts/menu/01_full.sh
scripts/menu/aliases_deploy.sh
scripts/menu/s
scripts/service/
scripts/service/00_22_gunicorn.sh
scripts/service/configurar_gunicorn.sh
scripts/service/diagnostico_entorno.sh
scripts/service/reiniciar_servicios.sh
scripts/service/resumen_logs.sh
scripts/service/run_local_ssl_env.sh
scripts/service/summarize_logs.sh
scripts/src/
scripts/src/00_01_sistema.sh
scripts/src/00_03_puertos.sh
scripts/src/00_04_container.sh
scripts/src/00_05_mac.sh
scripts/src/00_06_ufw.sh
scripts/src/ufw_produccion.sh
scripts/tor/
scripts/tor/check_torrc.sh
scripts/tor/instalar_tor.sh
scripts/tor/reparar_y_levantar_tor.sh
scripts/tor/rotate_tor_ip.sh
scripts/tor/torrc
scripts/tor/tree
scripts/utils/
scripts/utils/chmod_all.sh
scripts/utils/restart_stack.sh
scripts/utils/restart_tor_onion.sh
scripts/utils/ver_ips.sh
scripts/utils/conexion_segura_db/
scripts/utils/conexion_segura_db/.env.example
scripts/utils/conexion_segura_db/README.txt
scripts/utils/conexion_segura_db/conexion_banco.py
scripts/utils/gestor-tareas/deb/
scripts/utils/gestor-tareas/deb/gestor-tareas_1.0.deb
scripts/utils/gestor-tareas/deb/gestor-tareas_1.0.deb.sha256
scripts/utils/gestor-tareas/deb/gestor-tareas_1.1.deb
scripts/utils/gestor-tareas/deb/gestor-tareas_1.2.deb
scripts/utils/gestor-tareas/deb/gestor_tareas/DEBIAN/
scripts/utils/gestor-tareas/deb/gestor_tareas/DEBIAN/control
scripts/utils/gestor-tareas/deb/gestor_tareas/usr/local/bin/
scripts/utils/gestor-tareas/deb/gestor_tareas/usr/local/bin/gestor_tareas.sh
scripts/utils/gestor-tareas/gestor/logs/gestor_tareas_01.sh/APP/
scripts/utils/gestor-tareas/gestor/logs/gestor_tareas_01.sh/APP/config_01.txt
scripts/utils/gestor-tareas/gestor/logs/gestor_tareas_01.sh/APP/tareas_01.txt
scripts/utils/gestor-tareas/gestor/logs/gestor_tareas_01.sh/APP/tiempos_01.log
scripts/utils/gestor-tareas/gestor/logs/gestor_tareas_01.sh/APP001/
scripts/utils/gestor-tareas/gestor/logs/gestor_tareas_01.sh/APP001/config_01.txt
scripts/utils/gestor-tareas/gestor/logs/gestor_tareas_01.sh/APP001/tareas_01.txt
scripts/utils/gestor-tareas/gestor/logs/gestor_tareas_01.sh/APP001/tiempos_01.log
scripts/utils/gestor-tareas/gestor/logs/gestor_tareas_02.sh/APP/
scripts/utils/gestor-tareas/gestor/logs/gestor_tareas_02.sh/APP/config_02.txt
scripts/utils/gestor-tareas/gestor/logs/gestor_tareas_02.sh/APP/tareas_02.txt
scripts/utils/gestor-tareas/gestor/logs/gestor_tareas_02.sh/APP/tiempos_02.log
scripts/utils/gestor-tareas/gestor/logs/gestor_tareas_03.sh/APP003/
scripts/utils/gestor-tareas/gestor/logs/gestor_tareas_03.sh/APP003/config_03.txt
scripts/utils/gestor-tareas/gestor/logs/gestor_tareas_03.sh/APP003/tareas_03.txt
scripts/utils/gestor-tareas/gestor/logs/gestor_tareas_03.sh/APP003/tiempos_03.log
scripts/utils/gestor-tareas/gestor/logs/gestor_tareas_05.sh/APP005/
scripts/utils/gestor-tareas/gestor/logs/gestor_tareas_05.sh/APP005/config_05.txt
scripts/utils/gestor-tareas/gestor/logs/gestor_tareas_05.sh/APP005/tareas_05.txt
scripts/utils/gestor-tareas/gestor/logs/gestor_tareas_05.sh/APP005/tiempos_05.log
scripts/utils/gestor-tareas/gestor/logs/gestor_tareas_06.sh/APP006/
scripts/utils/gestor-tareas/gestor/logs/gestor_tareas_06.sh/APP006/config_06.txt
scripts/utils/gestor-tareas/gestor/logs/gestor_tareas_06.sh/APP006/tareas_06.txt
scripts/utils/gestor-tareas/gestor/logs/gestor_tareas_06.sh/APP006/tiempos_06.log
scripts/utils/gestor-tareas/gestor/logs/gestor_tareas_10.sh/APP010/
scripts/utils/gestor-tareas/gestor/logs/gestor_tareas_10.sh/APP010/config_10.txt
scripts/utils/gestor-tareas/gestor/logs/gestor_tareas_10.sh/APP010/tareas_10.txt
scripts/utils/gestor-tareas/gestor/logs/gestor_tareas_10.sh/APP010/tiempos_10.log
scripts/utils/gestor-tareas/gestor/logs/gestor_tareas_11.sh/APP011/
scripts/utils/gestor-tareas/gestor/logs/gestor_tareas_11.sh/APP011/config_11.txt
scripts/utils/gestor-tareas/gestor/logs/gestor_tareas_11.sh/APP011/tareas_11.txt
scripts/utils/gestor-tareas/gestor/logs/gestor_tareas_11.sh/APP011/tiempos_11.log
scripts/utils/gestor-tareas/gestor/scripts/
scripts/utils/gestor-tareas/gestor/scripts/crear_paquete.sh
scripts/utils/gestor-tareas/gestor/scripts/detener_tareas.sh
scripts/utils/gestor-tareas/gestor/scripts/gestor_tareas_00.sh
scripts/utils/gestor-tareas/gestor/scripts/gestor_tareas_01.sh
scripts/utils/gestor-tareas/gestor/scripts/gestor_tareas_02.sh
scripts/utils/gestor-tareas/gestor/scripts/gestor_tareas_03.sh
scripts/utils/gestor-tareas/gestor/scripts/gestor_tareas_04.sh
scripts/utils/gestor-tareas/gestor/scripts/gestor_tareas_05.sh
scripts/utils/gestor-tareas/gestor/scripts/gestor_tareas_06.sh
scripts/utils/gestor-tareas/gestor/scripts/gestor_tareas_07.sh
scripts/utils/gestor-tareas/gestor/scripts/gestor_tareas_08.sh
scripts/utils/gestor-tareas/gestor/scripts/gestor_tareas_09.sh
scripts/utils/gestor-tareas/gestor/scripts/gestor_tareas_10.sh
scripts/utils/gestor-tareas/gestor/scripts/gestor_tareas_11.sh
scripts/utils/gestor-tareas/gestor/scripts/gestor_tareas_12.sh
scripts/utils/gestor-tareas/gestor/scripts/gestor_tareas_13.sh
scripts/utils/gestor-tareas/gestor/scripts/gestor_tareas_14.sh
scripts/utils/gestor-tareas/gestor/scripts/gestor_tareas_15.sh
scripts/utils/gestor-tareas/gestor/scripts/gestor_tareas_16.sh
scripts/utils/gestor-tareas/gestor/scripts/gestor_tareas_17.sh
scripts/utils/gestor-tareas/gestor/scripts/gtareas_status.sh
scripts/utils/gestor-tareas/gestor/scripts/zenity_test.sh
scripts/utils/gestor-tareas/notify/
scripts/utils/gestor-tareas/notify/estado_notificadores.sh
scripts/utils/gestor-tareas/notify/gestionar_notificadores.sh
scripts/utils/gestor-tareas/notify/notificador.sh
scripts/utils/gestor-tareas/notify/notificador2.sh
scripts/utils/gestor-tareas/notify/notificador3.sh
scripts/utils/gestor-tareas/notify/notificador_30.sh
scripts/utils/gestor-tareas/notify/notificador_restart.sh
scripts/utils/gestor-tareas/notify/start_notificadores_interactivo.sh
scripts/utils/gestor-tareas/notify/logs_notificadores/
scripts/utils/gestor-tareas/notify/logs_notificadores/.notifier_todos
scripts/utils/git/
scripts/utils/git/sync_repos.log
scripts/utils/git/deploy/
scripts/utils/git/deploy/sync_repos.log
scripts/utils/git/deploy/sync_repos.sh
scripts/utils/git/heroku/
scripts/utils/git/heroku/cuenta.config
scripts/utils/git/heroku/gen-ssh-key.sh
scripts/utils/git/heroku/git-ssh-config.sh
scripts/utils/notas/
scripts/utils/notas/aliases_deploy.sh
scripts/utils/notas/instalar_notas.sh
scripts/utils/notas/scripts_auto_tiempo.tar.gz
scripts/utils/notas/setup_startup_service.sh
scripts/utils/notas/alerta/
scripts/utils/notas/alerta/BotFather
scripts/utils/notas/alerta/alerta_horaria.sh
scripts/utils/notas/alerta/alerta_horaria_audio.sh
scripts/utils/notas/alerta/alerta_horaria_full.sh
scripts/utils/notas/alerta/crontab.txt
scripts/utils/notas/alerta/get_telegram_chat_id.sh
scripts/utils/notas/alerta/get_telegram_chat_id_test.sh
scripts/utils/notas/alerta2/
scripts/utils/notas/alerta2/alerta_horaria.sh
scripts/utils/notas/alerta2/crontab.txt
scripts/utils/notas/alerta2/respaldo_automatico.sh
scripts/utils/notas/instalador/
scripts/utils/notas/instalador/README.md
scripts/utils/notas/instalador/README_NotPod_v1.7.md
scripts/utils/notas/instalador/README_NotPod_v1.8.md
scripts/utils/notas/instalador/README_NotPod_v1.9.md
scripts/utils/notas/instalador/README_NotPod_v2.3.md
scripts/utils/notas/instalador/notas-inst_1.0_all (copia 1).deb
scripts/utils/notas/instalador/notas-inst_1.0_all.deb
scripts/utils/notas/instalador/notas-inst_2.6_all.deb
scripts/utils/notas/instalador/notas-inst_2.7_all.deb
scripts/utils/notas/instalador/notas-inst_2.8_all.deb
scripts/utils/notas/instalador/notas-inst_2.9_all.deb
scripts/utils/notas/instalador/notas-inst_3.0_all.deb
scripts/utils/notas/instalador/notas_instalador (copia 1).tar.gz
scripts/utils/notas/instalador/notas_instalador.tar.gz
scripts/utils/notas/instalador/notpod_1.7_all.deb
scripts/utils/notas/instalador/notpod_1.8_all.deb
scripts/utils/notas/instalador/notpod_1.9_all.deb
scripts/utils/notas/instalador/notpod_2.3_all.deb
scripts/utils/notas/instalador/notpod_2.4_all.deb
scripts/utils/notas/instalador/Final/
scripts/utils/notas/instalador/Final/notas_3.11_all.deb
scripts/utils/notas/instalador/Final/notas_refactorizadas/
scripts/utils/notas/instalador/Final/notas_refactorizadas/nota_texto.sh
scripts/utils/notas/instalador/Final/notas_refactorizadas/nota_voz.sh
scripts/utils/notas/instalador/Final/notas_refactorizadas/resumen_audio.sh
scripts/utils/notas/instalador/Final/notas_refactorizadas/resumen_dia.sh
scripts/utils/notas/instalador/Final/notas_refactorizadas/resumen_proyecto.sh
scripts/utils/notas/instalador/notas/
scripts/utils/notas/instalador/notas/alerta_horaria.sh
scripts/utils/notas/instalador/notas/alias_notas.sh
scripts/utils/notas/instalador/notas/backup_and_sync.sh
scripts/utils/notas/instalador/notas/configurar_entorno_notas.sh
scripts/utils/notas/instalador/notas/control
scripts/utils/notas/instalador/notas/crontab.txt
scripts/utils/notas/instalador/notas/daily_backup.sh
scripts/utils/notas/instalador/notas/enviar_telegram.sh
scripts/utils/notas/instalador/notas/get_telegram_chat_id_test.sh
scripts/utils/notas/instalador/notas/instalar_notas_3.11.sh
scripts/utils/notas/instalador/notas/nota_texto.sh
scripts/utils/notas/instalador/notas/nota_voz.sh
scripts/utils/notas/instalador/notas/respaldo_automatico.sh
scripts/utils/notas/instalador/notas/resumen_audio.sh
scripts/utils/notas/instalador/notas/resumen_dia.sh
scripts/utils/notas/instalador/notas/resumen_proyecto.sh
scripts/utils/notas/instalador/notas/setup_startup_service.sh
scripts/utils/notas/instalador/notas/startup_sync.sh
scripts/utils/notas/instalador/notas/telegram_config.sh
scripts/utils/notas/logs/.tiempos/
scripts/utils/notas/logs/.tiempos/2025-06-06.log
scripts/utils/notas/logs/.tiempos/proyecto_total.log
scripts/utils/notas/logs/notas/2025-06-06/
scripts/utils/notas/logs/notas/2025-06-06/nota_texto.txt
scripts/utils/notas/notificaciones/
scripts/utils/notas/notificaciones/telegram_config.sh
scripts/utils/notas/scripts_auto_tiempo/
scripts/utils/notas/scripts_auto_tiempo/README.md
scripts/utils/notas/scripts_auto_tiempo/alerta_acumulada.sh
scripts/utils/notas/scripts_auto_tiempo/backup_and_sync.sh
scripts/utils/notas/scripts_auto_tiempo/crontab.txt
scripts/utils/notas/scripts_auto_tiempo/resumen_audio.sh
scripts/utils/notas/scripts_notas_proyecto/
scripts/utils/notas/scripts_notas_proyecto/crontab.txt
scripts/utils/notas/scripts_notas_proyecto/nota_texto.sh
scripts/utils/notas/scripts_notas_proyecto/nota_voz.sh
scripts/utils/notas/scripts_notas_proyecto/resumen_dia.sh
scripts/utils/notas/scripts_notas_proyecto/resumen_proyecto.sh
scripts/utils/notas/sync/
scripts/utils/notas/sync/crontab.txt
scripts/utils/notas/sync/daily_backup.sh
scripts/utils/notas/sync/startup_sync.sh
scripts/utils/simulator_bank/
scripts/utils/simulator_bank/README.md
scripts/utils/simulator_bank/config/
scripts/utils/simulator_bank/config/gunicorn.conf.py
scripts/utils/simulator_bank/config/nginx_simulador.conf
scripts/utils/simulator_bank/config/supervisor_simulador.conf
scripts/utils/simulator_bank/config/torrc_simulador
scripts/utils/simulator_bank/logs/
scripts/utils/simulator_bank/logs/supervisord.pid
scripts/utils/simulator_bank/scripts/
scripts/utils/simulator_bank/scripts/env_setup.sh
scripts/utils/simulator_bank/scripts/ports_stop.sh
scripts/utils/simulator_bank/scripts/restart_supervisor.sh
scripts/utils/simulator_bank/scripts/run_simulador.sh
scripts/utils/simulator_bank/scripts/start_all.sh
scripts/utils/simulator_bank/scripts/start_stack.sh
scripts/utils/simulator_bank/scripts/status.sh
scripts/utils/simulator_bank/scripts/stop_all.sh
scripts/utils/simulator_bank/scripts/test_simulador_curl.sh
scripts/utils/simulator_bank/simulador_banco/
scripts/utils/simulator_bank/simulador_banco/manage.py
scripts/utils/simulator_bank/simulador_banco/requirements.txt
scripts/utils/simulator_bank/simulador_banco/banco/
scripts/utils/simulator_bank/simulador_banco/banco/__init__.py
scripts/utils/simulator_bank/simulador_banco/banco/admin.py
scripts/utils/simulator_bank/simulador_banco/banco/api_login.py
scripts/utils/simulator_bank/simulador_banco/banco/models.py
scripts/utils/simulator_bank/simulador_banco/banco/urls.py
scripts/utils/simulator_bank/simulador_banco/banco/views.py
scripts/utils/simulator_bank/simulador_banco/banco/templates/banco/
scripts/utils/simulator_bank/simulador_banco/banco/templates/banco/base.html
scripts/utils/simulator_bank/simulador_banco/banco/templates/banco/dashboard.html
scripts/utils/simulator_bank/simulador_banco/banco/templates/banco/login.html
scripts/utils/simulator_bank/simulador_banco/banco/templates/banco/registro.html
scripts/utils/simulator_bank/simulador_banco/banco/templates/banco/transferencia.html
scripts/utils/simulator_bank/simulador_banco/middleware/
scripts/utils/simulator_bank/simulador_banco/middleware/allow_internal_network.py
scripts/utils/simulator_bank/simulador_banco/middleware/generar_jwt.py
scripts/utils/simulator_bank/simulador_banco/middleware/jwt_auth.py
scripts/utils/simulator_bank/simulador_banco/simulador_banco/
scripts/utils/simulator_bank/simulador_banco/simulador_banco/__init__.py
scripts/utils/simulator_bank/simulador_banco/simulador_banco/asgi.py
scripts/utils/simulator_bank/simulador_banco/simulador_banco/settings.py
scripts/utils/simulator_bank/simulador_banco/simulador_banco/urls.py
scripts/utils/simulator_bank/simulador_banco/simulador_banco/wsgi.py
scripts/utils/simulator_bank/tor_data/
scripts/utils/simulator_bank/tor_data/cached-certs
scripts/utils/simulator_bank/tor_data/cached-microdesc-consensus
scripts/utils/simulator_bank/tor_data/cached-microdescs.new
scripts/utils/simulator_bank/tor_data/lock
scripts/utils/simulator_bank/tor_data/state
scripts/utils/simulator_bank/tor_data/hidden_service/
scripts/utils/simulator_bank/tor_data/hidden_service/hostname
scripts/utils/simulator_bank/tor_data/hidden_service/hs_ed25519_public_key
scripts/utils/simulator_bank/tor_data/hidden_service/hs_ed25519_secret_key
scripts/utils/token/
scripts/utils/token/URL_TOKEN.md
scripts/utils/token/pem_help.txt
scripts/utils/token/token.md
scripts/utils/token/url_help.md
scripts/utils/token/0AUTH/
scripts/utils/token/0AUTH/generar_claves_oauth2.py
scripts/utils/token/0AUTH/credenciales_oauth2/
scripts/utils/token/0AUTH/credenciales_oauth2/clave_privada.pem
scripts/utils/token/0AUTH/credenciales_oauth2/clave_publica.pem
scripts/utils/token/0AUTH/credenciales_oauth2/client_assertion.jwt
scripts/utils/token/0AUTH/credenciales_oauth2/firma_log.txt
scripts/utils/token/0AUTH/credenciales_oauth2/jwks.json
scripts/utils/token/0AUTH/credenciales_oauth2/log.txt
scripts/utils/token/0AUTH/credenciales_oauth2/resumen.txt
scripts/utils/token/api_db_smart/
scripts/utils/token/api_db_smart/api_db_smart_access.py
scripts/utils/token/api_db_smart/ecdsa_private_key.pem
scripts/utils/token/api_db_smart/ecdsa_public_key.pem
scripts/utils/token/api_db_smart/generate_ecdsa_keypair.py
scripts/utils/token/api_db_smart/jwks_public.json
scripts/utils/token/jwks/
scripts/utils/token/jwks/access_token.json
scripts/utils/token/jwks/client_assertion.jwt
scripts/utils/token/jwks/crear_jwks.py
scripts/utils/token/jwks/ejecutar_jwt.sh
scripts/utils/token/jwks/ejecutar_todo.sh
scripts/utils/token/jwks/firmar_jwt.py
scripts/utils/token/jwks/firmar_jwt_prod.py
scripts/utils/token/jwks/jwks_private.json
scripts/utils/token/jwks/jwks_public.json
scripts/utils/token/jwks/print_jwks_public.py
scripts/utils/token/jwks/resultado_jwt.txt
scripts/utils/token/jwks/validar_jwt.py
scripts/utils/token/pem/
scripts/utils/token/pem/codeS256.py
scripts/utils/token/pem/codes_s256.txt
scripts/utils/token/pem/generate_iban.py
scripts/utils/token/pem/generate_jwt.py
scripts/utils/token/pem/generate_token.py
scripts/utils/token/pem/generated_token_jwt.txt
scripts/utils/token/pem/generated_token_pem.json
scripts/utils/token/pem/private.pem
scripts/utils/token/pem/public.pem
scripts/utils/token/pem/validate_token.py
scripts/utils/token/pem/validate_token_db.py

sent 437.218 bytes  received 602.672 bytes  138.652,00 bytes/sec
total size is 248.033.837  speedup is 238,52
✅ [HK] Sincronización completada.
🆕 [SM] Proyecto local: /home/markmur88/Simulador
🧹 [SM] Eliminando patrones excluidos en VPS...
🗑 [SM] Borrando: *.zip
🔄 [SM] Iniciando rsync local→VPS...
sending incremental file list
./
.git/
.git/hooks/
.git/info/
.git/logs/
.git/logs/refs/heads/
.git/logs/refs/remotes/origin/
.git/objects/02/
.git/objects/03/
.git/objects/04/
.git/objects/05/
.git/objects/06/
.git/objects/07/
.git/objects/08/
.git/objects/0a/
.git/objects/0b/
.git/objects/0c/
.git/objects/0d/
.git/objects/0e/
.git/objects/10/
.git/objects/11/
.git/objects/12/
.git/objects/14/
.git/objects/16/
.git/objects/17/
.git/objects/18/
.git/objects/1a/
.git/objects/1b/
.git/objects/1c/
.git/objects/1d/
.git/objects/1e/
.git/objects/1f/
.git/objects/20/
.git/objects/21/
.git/objects/22/
.git/objects/23/
.git/objects/24/
.git/objects/25/
.git/objects/27/
.git/objects/28/
.git/objects/29/
.git/objects/2a/
.git/objects/2b/
.git/objects/2c/
.git/objects/2d/
.git/objects/2e/
.git/objects/2f/
.git/objects/30/
.git/objects/31/
.git/objects/32/
.git/objects/33/
.git/objects/34/
.git/objects/35/
.git/objects/37/
.git/objects/38/
.git/objects/39/
.git/objects/3a/
.git/objects/3b/
.git/objects/3d/
.git/objects/3f/
.git/objects/40/
.git/objects/43/
.git/objects/45/
.git/objects/46/
.git/objects/47/
.git/objects/48/
.git/objects/49/
.git/objects/4a/
.git/objects/4b/
.git/objects/4c/
.git/objects/4d/
.git/objects/4e/
.git/objects/50/
.git/objects/51/
.git/objects/52/
.git/objects/54/
.git/objects/55/
.git/objects/57/
.git/objects/58/
.git/objects/59/
.git/objects/5b/
.git/objects/5c/
.git/objects/5d/
.git/objects/5e/
.git/objects/60/
.git/objects/61/
.git/objects/62/
.git/objects/63/
.git/objects/64/
.git/objects/65/
.git/objects/66/
.git/objects/67/
.git/objects/68/
.git/objects/69/
.git/objects/6a/
.git/objects/6b/
.git/objects/6c/
.git/objects/6d/
.git/objects/6e/
.git/objects/6f/
.git/objects/70/
.git/objects/71/
.git/objects/72/
.git/objects/73/
.git/objects/75/
.git/objects/76/
.git/objects/77/
.git/objects/78/
.git/objects/79/
.git/objects/7a/
.git/objects/7b/
.git/objects/7c/
.git/objects/7d/
.git/objects/7e/
.git/objects/7f/
.git/objects/80/
.git/objects/81/
.git/objects/82/
.git/objects/83/
.git/objects/85/
.git/objects/86/
.git/objects/87/
.git/objects/88/
.git/objects/89/
.git/objects/8a/
.git/objects/8c/
.git/objects/8d/
.git/objects/8e/
.git/objects/8f/
.git/objects/90/
.git/objects/91/
.git/objects/92/
.git/objects/93/
.git/objects/94/
.git/objects/96/
.git/objects/97/
.git/objects/98/
.git/objects/99/
.git/objects/9a/
.git/objects/9b/
.git/objects/9c/
.git/objects/9d/
.git/objects/9f/
.git/objects/a0/
.git/objects/a1/
.git/objects/a2/
.git/objects/a3/
.git/objects/a4/
.git/objects/a5/
.git/objects/a6/
.git/objects/a7/
.git/objects/a8/
.git/objects/aa/
.git/objects/ab/
.git/objects/ac/
.git/objects/ae/
.git/objects/af/
.git/objects/b1/
.git/objects/b4/
.git/objects/b5/
.git/objects/b6/
.git/objects/b7/
.git/objects/b8/
.git/objects/b9/
.git/objects/ba/
.git/objects/bb/
.git/objects/bc/
.git/objects/bd/
.git/objects/be/
.git/objects/bf/
.git/objects/c0/
.git/objects/c2/
.git/objects/c3/
.git/objects/c4/
.git/objects/c6/
.git/objects/c8/
.git/objects/c9/
.git/objects/ca/
.git/objects/cb/
.git/objects/cc/
.git/objects/cd/
.git/objects/ce/
.git/objects/cf/
.git/objects/d2/
.git/objects/d3/
.git/objects/d4/
.git/objects/d5/
.git/objects/d6/
.git/objects/d7/
.git/objects/d8/
.git/objects/da/
.git/objects/db/
.git/objects/dc/
.git/objects/dd/
.git/objects/de/
.git/objects/df/
.git/objects/e0/
.git/objects/e1/
.git/objects/e4/
.git/objects/e5/
.git/objects/e6/
.git/objects/e7/
.git/objects/e9/
.git/objects/ea/
.git/objects/eb/
.git/objects/ec/
.git/objects/ed/
.git/objects/ee/
.git/objects/ef/
.git/objects/f0/
.git/objects/f1/
.git/objects/f2/
.git/objects/f3/
.git/objects/f4/
.git/objects/f5/
.git/objects/f6/
.git/objects/f7/
.git/objects/f8/
.git/objects/fa/
.git/objects/fb/
.git/objects/fc/
.git/objects/fd/
.git/objects/fe/
.git/objects/ff/
.git/objects/info/
.git/objects/pack/
.git/refs/heads/
.git/refs/remotes/origin/
config/
docs/
docs/swanger/
git/
logs/
scripts/
simulador_banco/
simulador_banco/banco/
simulador_banco/banco/management/commands/
simulador_banco/banco/migrations/
simulador_banco/banco/templates/banco/
simulador_banco/middleware/
simulador_banco/services/
simulador_banco/simulador_banco/
simulador_banco/staticfiles/admin/css/
simulador_banco/staticfiles/admin/css/vendor/select2/
simulador_banco/staticfiles/admin/img/
simulador_banco/staticfiles/admin/img/gis/
simulador_banco/staticfiles/admin/js/
simulador_banco/staticfiles/admin/js/admin/
simulador_banco/staticfiles/admin/js/vendor/jquery/
simulador_banco/staticfiles/admin/js/vendor/select2/
simulador_banco/staticfiles/admin/js/vendor/select2/i18n/
simulador_banco/staticfiles/admin/js/vendor/xregexp/
tor_data/
tor_data/hidden_service/

sent 42.449 bytes  received 1.060 bytes  6.693,69 bytes/sec
total size is 141.933.955  speedup is 3.262,17
✅ [SM] Sincronización completada.
📡 Ejecutando comandos remotos en el VPS...
🎉 Todo listo, sincronizaciones y despliegue en VPS finalizados.
