🆕 [H2] Proyecto local: /home/markmur88/api_bank_h2
🧹 [H2] Eliminando patrones excluidos en VPS...
🗑 [H2] Borrando: *.zip
🔄 [H2] Iniciando rsync local→VPS...
sending incremental file list
.git/
.git/COMMIT_EDITMSG
.git/config
.git/index
.git/logs/HEAD
.git/logs/refs/heads/main
.git/logs/refs/remotes/origin/main
.git/objects/
.git/objects/02/
.git/objects/02/c0ebbf84d2186b9fc9bc316408b2906a2c2855
.git/objects/0e/
.git/objects/0e/67cb003097a6fb6ec4aa01aa13c195989d1a46
.git/objects/3d/
.git/objects/3d/0ae2d647fc814cf2c933fdc7d7e5fa656d6ba2
.git/objects/3d/1af73ac9f8b7ce679c99acb6a54deb63a2c3d5
.git/objects/50/
.git/objects/50/491b54de251a90828cd0377de176c663e4ae70
.git/objects/73/
.git/objects/73/cb523485eaf9179bb443deb4810a92ca20212a
.git/objects/83/
.git/objects/83/6c60dd31ee2980ade7ac1c0192fa8535f3f38b
.git/objects/9f/
.git/objects/9f/95bda7a618429f1d903cafa1ee2a2721547f68
.git/objects/a8/
.git/objects/a8/bf41f3e7ebe9a9565a7853871f28e285bda55e
.git/objects/b0/
.git/objects/b0/a756f61c31d90787277061f1f7ade442fce8b4
.git/objects/b1/
.git/objects/b1/e00c8cbcfabb0bc6172e3b0151e871816883a3
.git/objects/b7/
.git/objects/b7/50c9f3a84940230018533698fcc877489836be
.git/objects/ba/
.git/objects/ba/79bab264b7172c4824c0ef528a91fecb882b21
.git/objects/c7/
.git/objects/c7/11c50b09318772c3dae1b5dbbae3c2ea319e01
.git/objects/ce/
.git/objects/ce/b7335d9704773be8363697246fab7506306f43
.git/objects/d8/
.git/objects/d8/09796fa90ddb160df3c452e83eec6aa07ec7e9
.git/objects/f2/
.git/objects/f2/4b999522b32cc74d8f76916f7c03cee863fe81
.git/refs/heads/
.git/refs/heads/main
.git/refs/remotes/origin/
.git/refs/remotes/origin/main
scripts/logs/commits_hist.md
scripts/logs/01_full_deploy/full_deploy.log
scripts/logs/despliegue/00_07_postgres_.log
scripts/logs/despliegue/00_08_migraciones_.log
scripts/logs/despliegue/00_14_sincronizacion_archivos_.log
scripts/logs/despliegue/00_16_01_subir_GitHub.log
scripts/logs/sync/
scripts/logs/sync/20250613_044013_sync.log

sent 2.947.428 bytes  received 44.243 bytes  260.145,30 bytes/sec
total size is 431.983.046  speedup is 144,40
✅ [H2] Sincronización completada.
🆕 [HK] Proyecto local: /home/markmur88/api_bank_heroku
🧹 [HK] Eliminando patrones excluidos en VPS...
🗑 [HK] Borrando: *.zip
🔄 [HK] Iniciando rsync local→VPS...
sending incremental file list
deleting schemas/transferencias/
deleting schemas/
deleting api.sock
requirements.txt
config/settings/__init__.py
scripts/logs/commits_hist.md
scripts/logs/01_full_deploy/full_deploy.log
scripts/logs/despliegue/00_07_postgres_.log
scripts/logs/despliegue/00_08_migraciones_.log
scripts/logs/despliegue/00_14_sincronizacion_archivos_.log
scripts/logs/despliegue/00_16_01_subir_GitHub.log
scripts/logs/despliegue/00_21_local_ssl.log
scripts/logs/despliegue/00_21_local_ssl_.log
scripts/logs/sync/
scripts/logs/sync/20250613_035631_sync.log

sent 48.896 bytes  received 40.961 bytes  13.824,15 bytes/sec
total size is 247.577.613  speedup is 2.755,24
✅ [HK] Sincronización completada.
🆕 [SM] Proyecto local: /home/markmur88/Simulador
🧹 [SM] Eliminando patrones excluidos en VPS...
🗑 [SM] Borrando: *.zip
🔄 [SM] Iniciando rsync local→VPS...
sending incremental file list
.git/
.git/COMMIT_EDITMSG
.git/FETCH_HEAD
.git/ORIG_HEAD
.git/index
.git/logs/HEAD
.git/logs/refs/heads/main
.git/logs/refs/remotes/origin/main
.git/objects/
.git/objects/12/
.git/objects/12/9ea13f2920b3b0028f2b4407a6aa16e5c6df6c
.git/objects/57/
.git/objects/57/2f2977f66fbbfebf32cb3b4da903c7661259d2
.git/objects/76/
.git/objects/76/06048f1a77ee8f7f5a57fba3c5e4c0ddb187f9
.git/objects/82/
.git/objects/82/db212b4f3c90d6365c6ed6ce08ece9fbfec699
.git/objects/8e/
.git/objects/8e/b15a12c02a3a0ccb4941687cf932e55671492c
.git/objects/a5/
.git/objects/a5/804475fffc3d8b64f573178e6349bc0c4e7b14
deleting logs/supervisord.sock
deleting logs/supervisord.pid
.git/objects/fd/
.git/objects/fd/d1d886a3b639c5d506c31779c3f7f560c2bc9b
.git/objects/fe/
.git/objects/fe/343ff9800cf19d75e9c0966e5877c1d18e54e1
.git/refs/heads/
.git/refs/heads/main
.git/refs/remotes/origin/
.git/refs/remotes/origin/main
logs/
logs/gunicorn_access.log
logs/gunicorn_error.log
logs/supervisord.log
logs/tor.log
scripts/start_stack.sh
simulador_banco/.env
simulador_banco/staticfiles/admin/css/
simulador_banco/staticfiles/admin/css/autocomplete.css
simulador_banco/staticfiles/admin/css/base.css
simulador_banco/staticfiles/admin/css/changelists.css
simulador_banco/staticfiles/admin/css/dark_mode.css
simulador_banco/staticfiles/admin/css/dashboard.css
simulador_banco/staticfiles/admin/css/forms.css
simulador_banco/staticfiles/admin/css/login.css
simulador_banco/staticfiles/admin/css/nav_sidebar.css
simulador_banco/staticfiles/admin/css/responsive.css
simulador_banco/staticfiles/admin/css/responsive_rtl.css
simulador_banco/staticfiles/admin/css/rtl.css
simulador_banco/staticfiles/admin/css/widgets.css
simulador_banco/staticfiles/admin/css/vendor/select2/
simulador_banco/staticfiles/admin/css/vendor/select2/select2.css
simulador_banco/staticfiles/admin/css/vendor/select2/select2.min.css
simulador_banco/staticfiles/admin/img/
simulador_banco/staticfiles/admin/img/calendar-icons.svg
simulador_banco/staticfiles/admin/img/icon-addlink.svg
simulador_banco/staticfiles/admin/img/icon-alert.svg
simulador_banco/staticfiles/admin/img/icon-calendar.svg
simulador_banco/staticfiles/admin/img/icon-changelink.svg
simulador_banco/staticfiles/admin/img/icon-clock.svg
simulador_banco/staticfiles/admin/img/icon-deletelink.svg
simulador_banco/staticfiles/admin/img/icon-no.svg
simulador_banco/staticfiles/admin/img/icon-unknown-alt.svg
simulador_banco/staticfiles/admin/img/icon-unknown.svg
simulador_banco/staticfiles/admin/img/icon-viewlink.svg
simulador_banco/staticfiles/admin/img/icon-yes.svg
simulador_banco/staticfiles/admin/img/inline-delete.svg
simulador_banco/staticfiles/admin/img/search.svg
simulador_banco/staticfiles/admin/img/selector-icons.svg
simulador_banco/staticfiles/admin/img/sorting-icons.svg
simulador_banco/staticfiles/admin/img/tooltag-add.svg
simulador_banco/staticfiles/admin/img/tooltag-arrowright.svg
simulador_banco/staticfiles/admin/img/gis/
simulador_banco/staticfiles/admin/img/gis/move_vertex_off.svg
simulador_banco/staticfiles/admin/img/gis/move_vertex_on.svg
simulador_banco/staticfiles/admin/js/
simulador_banco/staticfiles/admin/js/SelectBox.js
simulador_banco/staticfiles/admin/js/SelectFilter2.js
simulador_banco/staticfiles/admin/js/actions.js
simulador_banco/staticfiles/admin/js/autocomplete.js
simulador_banco/staticfiles/admin/js/calendar.js
simulador_banco/staticfiles/admin/js/cancel.js
simulador_banco/staticfiles/admin/js/change_form.js
simulador_banco/staticfiles/admin/js/core.js
simulador_banco/staticfiles/admin/js/filters.js
simulador_banco/staticfiles/admin/js/inlines.js
simulador_banco/staticfiles/admin/js/jquery.init.js
simulador_banco/staticfiles/admin/js/nav_sidebar.js
simulador_banco/staticfiles/admin/js/popup_response.js
simulador_banco/staticfiles/admin/js/prepopulate.js
simulador_banco/staticfiles/admin/js/prepopulate_init.js
simulador_banco/staticfiles/admin/js/theme.js
simulador_banco/staticfiles/admin/js/urlify.js
simulador_banco/staticfiles/admin/js/admin/
simulador_banco/staticfiles/admin/js/admin/DateTimeShortcuts.js
simulador_banco/staticfiles/admin/js/admin/RelatedObjectLookups.js
simulador_banco/staticfiles/admin/js/vendor/jquery/
simulador_banco/staticfiles/admin/js/vendor/jquery/jquery.js
simulador_banco/staticfiles/admin/js/vendor/jquery/jquery.min.js
simulador_banco/staticfiles/admin/js/vendor/select2/
simulador_banco/staticfiles/admin/js/vendor/select2/select2.full.js
simulador_banco/staticfiles/admin/js/vendor/select2/select2.full.min.js
simulador_banco/staticfiles/admin/js/vendor/select2/i18n/
simulador_banco/staticfiles/admin/js/vendor/select2/i18n/af.js
simulador_banco/staticfiles/admin/js/vendor/select2/i18n/ar.js
simulador_banco/staticfiles/admin/js/vendor/select2/i18n/az.js
simulador_banco/staticfiles/admin/js/vendor/select2/i18n/bg.js
simulador_banco/staticfiles/admin/js/vendor/select2/i18n/bn.js
simulador_banco/staticfiles/admin/js/vendor/select2/i18n/bs.js
simulador_banco/staticfiles/admin/js/vendor/select2/i18n/ca.js
simulador_banco/staticfiles/admin/js/vendor/select2/i18n/cs.js
simulador_banco/staticfiles/admin/js/vendor/select2/i18n/da.js
simulador_banco/staticfiles/admin/js/vendor/select2/i18n/de.js
simulador_banco/staticfiles/admin/js/vendor/select2/i18n/dsb.js
simulador_banco/staticfiles/admin/js/vendor/select2/i18n/el.js
simulador_banco/staticfiles/admin/js/vendor/select2/i18n/en.js
simulador_banco/staticfiles/admin/js/vendor/select2/i18n/es.js
simulador_banco/staticfiles/admin/js/vendor/select2/i18n/et.js
simulador_banco/staticfiles/admin/js/vendor/select2/i18n/eu.js
simulador_banco/staticfiles/admin/js/vendor/select2/i18n/fa.js
simulador_banco/staticfiles/admin/js/vendor/select2/i18n/fi.js
simulador_banco/staticfiles/admin/js/vendor/select2/i18n/fr.js
simulador_banco/staticfiles/admin/js/vendor/select2/i18n/gl.js
simulador_banco/staticfiles/admin/js/vendor/select2/i18n/he.js
simulador_banco/staticfiles/admin/js/vendor/select2/i18n/hi.js
simulador_banco/staticfiles/admin/js/vendor/select2/i18n/hr.js
simulador_banco/staticfiles/admin/js/vendor/select2/i18n/hsb.js
simulador_banco/staticfiles/admin/js/vendor/select2/i18n/hu.js
simulador_banco/staticfiles/admin/js/vendor/select2/i18n/hy.js
simulador_banco/staticfiles/admin/js/vendor/select2/i18n/id.js
simulador_banco/staticfiles/admin/js/vendor/select2/i18n/is.js
simulador_banco/staticfiles/admin/js/vendor/select2/i18n/it.js
simulador_banco/staticfiles/admin/js/vendor/select2/i18n/ja.js
simulador_banco/staticfiles/admin/js/vendor/select2/i18n/ka.js
simulador_banco/staticfiles/admin/js/vendor/select2/i18n/km.js
simulador_banco/staticfiles/admin/js/vendor/select2/i18n/ko.js
simulador_banco/staticfiles/admin/js/vendor/select2/i18n/lt.js
simulador_banco/staticfiles/admin/js/vendor/select2/i18n/lv.js
simulador_banco/staticfiles/admin/js/vendor/select2/i18n/mk.js
simulador_banco/staticfiles/admin/js/vendor/select2/i18n/ms.js
simulador_banco/staticfiles/admin/js/vendor/select2/i18n/nb.js
simulador_banco/staticfiles/admin/js/vendor/select2/i18n/ne.js
simulador_banco/staticfiles/admin/js/vendor/select2/i18n/nl.js
simulador_banco/staticfiles/admin/js/vendor/select2/i18n/pl.js
simulador_banco/staticfiles/admin/js/vendor/select2/i18n/ps.js
simulador_banco/staticfiles/admin/js/vendor/select2/i18n/pt-BR.js
simulador_banco/staticfiles/admin/js/vendor/select2/i18n/pt.js
simulador_banco/staticfiles/admin/js/vendor/select2/i18n/ro.js
simulador_banco/staticfiles/admin/js/vendor/select2/i18n/ru.js
simulador_banco/staticfiles/admin/js/vendor/select2/i18n/sk.js
simulador_banco/staticfiles/admin/js/vendor/select2/i18n/sl.js
simulador_banco/staticfiles/admin/js/vendor/select2/i18n/sq.js
simulador_banco/staticfiles/admin/js/vendor/select2/i18n/sr-Cyrl.js
simulador_banco/staticfiles/admin/js/vendor/select2/i18n/sr.js
simulador_banco/staticfiles/admin/js/vendor/select2/i18n/sv.js
simulador_banco/staticfiles/admin/js/vendor/select2/i18n/th.js
simulador_banco/staticfiles/admin/js/vendor/select2/i18n/tk.js
simulador_banco/staticfiles/admin/js/vendor/select2/i18n/tr.js
simulador_banco/staticfiles/admin/js/vendor/select2/i18n/uk.js
simulador_banco/staticfiles/admin/js/vendor/select2/i18n/vi.js
simulador_banco/staticfiles/admin/js/vendor/select2/i18n/zh-CN.js
simulador_banco/staticfiles/admin/js/vendor/select2/i18n/zh-TW.js
simulador_banco/staticfiles/admin/js/vendor/xregexp/
simulador_banco/staticfiles/admin/js/vendor/xregexp/xregexp.js
simulador_banco/staticfiles/admin/js/vendor/xregexp/xregexp.min.js
deleting tor_data/control_auth_cookie
tor_data/
tor_data/cached-certs
tor_data/cached-microdesc-consensus
tor_data/cached-microdescs.new
tor_data/lock
tor_data/state

sent 469.841 bytes  received 74.481 bytes  64.037,88 bytes/sec
total size is 109.003.523  speedup is 200,26
✅ [SM] Sincronización completada.
📡 Ejecutando comandos remotos en el VPS...
🎉 Todo listo, sincronizaciones y despliegue en VPS finalizados.
