🆕 [H2] Proyecto local: /home/markmur88/api_bank_h2
🧹 [H2] Eliminando patrones excluidos en VPS...
🗑 [H2] Borrando: *.zip
🔄 [H2] Iniciando rsync local→VPS...
sending incremental file list
scripts/deploy/vps/sync_dir.sh
scripts/logs/sync/
scripts/logs/sync/20250611_230718_sync.log
scripts/logs/sync/20250611_230824_sync.log

sent 111.828 bytes  received 608 bytes  20.442,91 bytes/sec
total size is 312.582.839  speedup is 2.780,10
✅ [H2] Sincronización completada.
🆕 [HK] Proyecto local: /home/markmur88/api_bank_heroku
🧹 [HK] Eliminando patrones excluidos en VPS...
🗑 [HK] Borrando: *.zip
🔄 [HK] Iniciando rsync local→VPS...
sending incremental file list

sent 33.033 bytes  received 204 bytes  5.113,38 bytes/sec
total size is 244.158.970  speedup is 7.345,00
✅ [HK] Sincronización completada.
📡 Ejecutando comandos remotos en el VPS...
🎉 Todo listo, sincronizaciones y despliegue en VPS finalizados.
