🧹 Limpiando en VPS (/home/markmur88/api_bank_heroku) archivos excluidos...
🗑 Eliminando: .zip
🧹 Limpiando en VPS (/home/markmur88/bank_ghost) archivos excluidos...
🗑 Eliminando: .zip
🔄 Sincronizando proyecto hacia api_bank_heroku (con exclusiones)...
sending incremental file list
scripts/deploy/vps/vps_sync_clean.sh
scripts/logs/sync/
scripts/logs/sync/20250605_083844_sync_clean.log
scripts/logs/sync/20250605_084252_sync_clean.log

sent 35.755 bytes  received 322 bytes  6.559,45 bytes/sec
total size is 64.263.612  speedup is 1.781,29
🔄 Sincronizando proyecto hacia api_bank_h2 (sin exclusiones)...
sending incremental file list
scripts/deploy/vps/vps_sync_clean.sh
scripts/logs/sync/
scripts/logs/sync/20250605_083844_sync_clean.log
scripts/logs/sync/20250605_084252_sync_clean.log

sent 61.643 bytes  received 465 bytes  9.555,08 bytes/sec
total size is 112.113.828  speedup is 1.805,14
🔄 Sincronizando carpeta de backup...
sending incremental file list

sent 61.013 bytes  received 417 bytes  11.169,09 bytes/sec
total size is 605.799.888  speedup is 9.861,63
🔄 Sincronizando carpeta de bank_ghost...
sending incremental file list

sent 6.882 bytes  received 64 bytes  1.543,56 bytes/sec
total size is 5.422.311  speedup is 780,64
✅ Sincronización completada.
