📂 Proyecto local: /home/markmur88/api_bank_h2
🧹 Eliminando en VPS archivos excluidos...
🗑 Eliminando: *.zip
🔄 Iniciando sincronización local -> VPS...
sending incremental file list
deleting api.sock
./
scripts/logs/sync/
scripts/logs/sync/20250608_053050_sync.log
scripts/logs/sync/20250608_053437_sync.log

sent 533.610 bytes  received 4.865 bytes  46.823,91 bytes/sec
total size is 538.790.483  speedup is 1.000,59
📡 Ejecutando comandos remotos en el VPS...
Linux coretransapi 6.1.0-37-amd64 #1 SMP PREEMPT_DYNAMIC Debian 6.1.140-1 (2025-05-22) x86_64

The programs included with the Debian GNU/Linux system are free software;
the exact distribution terms for each program are described in the
individual files in /usr/share/doc/*/copyright.

Debian GNU/Linux comes with ABSOLUTELY NO WARRANTY, to the extent
permitted by applicable law.
🌐 Entrando en directorio remoto: /home/markmur88/api_bank_heroku
🔧 Activando entorno virtual en VPS: /home/markmur88/envAPP
🔁 Reiniciando servicios en VPS...
coretransapi: stopped
coretransapi: started
📋 Estado del servicio coretransapi en VPS:
coretransapi                     RUNNING   pid 59921, uptime 0:00:06
📄 Últimos logs de error en VPS:
    sock.close_sockets(self.LISTENERS, unlink)
  File "/home/markmur88/envAPP/lib/python3.11/site-packages/gunicorn/sock.py", line 212, in close_sockets
    os.unlink(sock_name)
FileNotFoundError: [Errno 2] No such file or directory: '/home/markmur88/api_bank_heroku/api.sock'
[2025-06-08 05:34:56 +0200] [59921] [INFO] Starting gunicorn 23.0.0
[2025-06-08 05:34:56 +0200] [59921] [INFO] Listening at: unix:/home/markmur88/api_bank_heroku/api.sock (59921)
[2025-06-08 05:34:56 +0200] [59921] [INFO] Using worker: sync
[2025-06-08 05:34:56 +0200] [59922] [INFO] Booting worker with pid: 59922
[2025-06-08 05:34:56 +0200] [59923] [INFO] Booting worker with pid: 59923
[2025-06-08 05:34:56 +0200] [59924] [INFO] Booting worker with pid: 59924
✅ Comandos remotos completados.
✅ Sincronización completada.
