📂 Proyecto local: /home/markmur88/api_bank_h2
🧹 Eliminando en VPS archivos excluidos...
🗑 Eliminando: *.zip
🔄 Iniciando sincronización local -> VPS...
sending incremental file list
scripts/logs/sync/
scripts/logs/sync/20250610_070227_sync_clean.log
scripts/logs/sync/20250610_070840_sync.log
scripts/menu/aliases_deploy.sh

sent 44.697 bytes  received 1.831 bytes  7.158,15 bytes/sec
total size is 258.311.209  speedup is 5.551,74
📡 Ejecutando comandos remotos en el VPS...
Linux coretransapi 6.1.0-37-amd64 #1 SMP PREEMPT_DYNAMIC Debian 6.1.140-1 (2025-05-22) x86_64

The programs included with the Debian GNU/Linux system are free software;
the exact distribution terms for each program are described in the
individual files in /usr/share/doc/*/copyright.

Debian GNU/Linux comes with ABSOLUTELY NO WARRANTY, to the extent
permitted by applicable law.
🌐 Entrando en directorio remoto: /home/markmur88/api_bank_heroku
🔧 Activando entorno virtual en VPS: /home/markmur88/envAPP
🔁 Reiniciando servicios en VPS...
coretransapi: stopped
coretransapi: started
📋 Estado del servicio coretransapi en VPS:
coretransapi                     RUNNING   pid 106139, uptime 0:00:06
📄 Últimos logs de error en VPS:
    sock.close_sockets(self.LISTENERS, unlink)
  File "/home/markmur88/envAPP/lib/python3.11/site-packages/gunicorn/sock.py", line 212, in close_sockets
    os.unlink(sock_name)
FileNotFoundError: [Errno 2] No such file or directory: '/home/markmur88/api_bank_heroku/api.sock'
[2025-06-10 07:08:56 +0200] [106139] [INFO] Starting gunicorn 23.0.0
[2025-06-10 07:08:56 +0200] [106139] [INFO] Listening at: unix:/home/markmur88/api_bank_heroku/api.sock (106139)
[2025-06-10 07:08:56 +0200] [106139] [INFO] Using worker: sync
[2025-06-10 07:08:56 +0200] [106140] [INFO] Booting worker with pid: 106140
[2025-06-10 07:08:56 +0200] [106141] [INFO] Booting worker with pid: 106141
[2025-06-10 07:08:56 +0200] [106142] [INFO] Booting worker with pid: 106142
✅ Comandos remotos completados.
✅ Sincronización completada.
