🆕 [H2] Proyecto local: /home/markmur88/api_bank_h2
🧹 [H2] Eliminando patrones excluidos en VPS...
🗑 [H2] Borrando: *.zip
🔄 [H2] Iniciando rsync local→VPS...
sending incremental file list
.git/
.git/COMMIT_EDITMSG
.git/config
.git/index
.git/logs/HEAD
.git/logs/refs/heads/main
.git/logs/refs/remotes/origin/main
.git/objects/
.git/objects/11/
.git/objects/11/a2f5c984afc4879e68363d7a74006a8e9414bb
.git/objects/12/
.git/objects/12/1ce5d0bcc6ee28ecc2e86b30dbb08a33706972
.git/objects/1d/
.git/objects/1d/1bbb3de324f9378f5e13023a91a20f3c8d81c7
.git/objects/27/
.git/objects/27/66988cf0397a977da8ca46561355433bd2a058
.git/objects/3d/
.git/objects/3d/e75a60148bed32f3e3463161af1c35b5f9814a
.git/objects/40/
.git/objects/40/08e3342c9184845404055317859241fa0cec04
.git/objects/44/
.git/objects/44/4cbf980e662a16aabe5121a6cc34ce80750922
.git/objects/48/
.git/objects/48/b6274c66a15b0eca84b635ee9db6319982e33f
.git/objects/5e/
.git/objects/5e/496dbe86a434a68d182fb3f23faf7e35677e05
.git/objects/72/
.git/objects/72/1052168f472af17b573c6c04d3c0d040f3c4bf
.git/objects/7b/
.git/objects/7b/4f9a6831de576ab8e27ebb06d76e4839fa70fb
.git/objects/9e/
.git/objects/9e/e7c3636654318a2a294deb8833513ab52b5474
.git/objects/ba/
.git/objects/ba/496224d6820de730ec19e93efa78ff571b4e37
.git/objects/eb/
.git/objects/eb/0272681c300f78f2d7bff9f956f18b02beef96
.git/objects/f7/
.git/objects/f7/1370e8cb51c3b8acbea449509a2c9bbec1b387
.git/objects/fe/
.git/objects/fe/2fe8485587772418b27c2f60115392a4dedfca
.git/refs/heads/
.git/refs/heads/main
.git/refs/remotes/origin/
.git/refs/remotes/origin/main
scripts/logs/commits_hist.md
scripts/logs/01_full_deploy/full_deploy.log
scripts/logs/despliegue/00_07_postgres_.log
scripts/logs/despliegue/00_08_migraciones_.log
scripts/logs/despliegue/00_14_sincronizacion_archivos_.log
scripts/logs/despliegue/00_16_01_subir_GitHub.log
scripts/logs/sync/
scripts/logs/sync/20250613_053942_sync.log

sent 3.068.906 bytes  received 45.015 bytes  296.563,90 bytes/sec
total size is 442.245.216  speedup is 142,02
✅ [H2] Sincronización completada.
🆕 [HK] Proyecto local: /home/markmur88/api_bank_heroku
🧹 [HK] Eliminando patrones excluidos en VPS...
🗑 [HK] Borrando: *.zip
🔄 [HK] Iniciando rsync local→VPS...
sending incremental file list
deleting schemas/transferencias/
deleting schemas/
deleting api.sock
config/settings/__init__.py
scripts/logs/commits_hist.md
scripts/logs/01_full_deploy/full_deploy.log
scripts/logs/despliegue/00_07_postgres_.log
scripts/logs/despliegue/00_08_migraciones_.log
scripts/logs/despliegue/00_14_sincronizacion_archivos_.log
scripts/logs/despliegue/00_16_01_subir_GitHub.log
scripts/logs/despliegue/00_21_local_ssl.log
scripts/logs/despliegue/00_21_local_ssl_.log
scripts/logs/sync/
scripts/logs/sync/20250613_051737_sync.log

sent 49.562 bytes  received 41.612 bytes  12.156,53 bytes/sec
total size is 248.398.337  speedup is 2.724,44
✅ [HK] Sincronización completada.
🆕 [SM] Proyecto local: /home/markmur88/Simulador
🧹 [SM] Eliminando patrones excluidos en VPS...
🗑 [SM] Borrando: *.zip
🔄 [SM] Iniciando rsync local→VPS...
sending incremental file list
deleting letsencrypt/
deleting simulador_banco/static/
deleting tor_data/keys/
deleting tor_data/hidden_service/authorized_clients/

sent 42.222 bytes  received 396 bytes  6.556,62 bytes/sec
total size is 141.959.568  speedup is 3.330,98
✅ [SM] Sincronización completada.
📡 Ejecutando comandos remotos en el VPS...
🎉 Todo listo, sincronizaciones y despliegue en VPS finalizados.
