🆕 [H2] Proyecto local: /home/markmur88/api_bank_h2
🧹 [H2] Eliminando patrones excluidos en VPS...
🗑 [H2] Borrando: *.zip
🔄 [H2] Iniciando rsync local→VPS...
sending incremental file list
.git/
.git/COMMIT_EDITMSG
.git/FETCH_HEAD
.git/ORIG_HEAD
.git/config
.git/index
.git/logs/HEAD
.git/logs/refs/heads/main
.git/logs/refs/remotes/origin/main
.git/objects/
.git/objects/02/
.git/objects/02/fe2dc627e34af6cc3dcd62333ee37a6ffb455a
.git/objects/08/
.git/objects/08/dc7957edfe0a393784ab2edc47831ddc51999e
.git/objects/11/
.git/objects/11/1672e7c76f0187262daca7a7ddc99b648ec99e
.git/objects/21/
.git/objects/21/3aee9fb439f91347a1866b7ea9cb3b75771c8c
.git/objects/33/
.git/objects/33/205fa42ad20a917725c1662f426c306a3d9ebf
.git/objects/3b/
.git/objects/3b/9f1cd530ed0133c68417da07a411c5296de824
.git/objects/48/
.git/objects/48/5a0586320e9a48f5580e1ebf606386b1d776da
.git/objects/4d/
.git/objects/4d/8eb16f31d61dec78365006939be81e6b8b4850
.git/objects/54/
.git/objects/54/8a0c363260600e866b4db1d1f06cd3ea96034d
.git/objects/64/
.git/objects/64/3acdad5ced129b8f630afff2fae73beb44607c
.git/objects/6b/
.git/objects/6b/f3f508942890a053317a83615e7e8eb0bb83fa
.git/objects/86/
.git/objects/86/bd8a1ee0b1bd831c1a3c22b6b4ba28f4ae041c
.git/objects/9b/
.git/objects/9b/279ac2acf9689514a02de9ecdea0b103479bd9
.git/objects/9d/
.git/objects/9d/9ca84c1ae0874014288ba8bcfad0321ad16699
.git/objects/a2/
.git/objects/a2/760324c381f59388c256b2336a8551274c5fe9
.git/objects/a4/
.git/objects/a4/8f59329d7fd23bed523cacaa2e2a9b190d720d
.git/objects/a6/
.git/objects/a6/6fa31bf0b4ae9c2f3305dbb55b6ec7af552e7d
.git/objects/a6/9271cf5d1badb1147a7366c1ecb55f7aeb10b2
.git/objects/aa/
.git/objects/aa/5a87e5d767d485827daf5f804d51ec8da63f57
.git/objects/ce/
.git/objects/ce/2693cdd5b9e09301d9c69147fd8b5a7bee2779
.git/objects/d8/
.git/objects/d8/81a6ee4e2af5464a8f09eccad871dad56e8017
.git/objects/e7/
.git/objects/e7/87d075323c33620a6fb32d8b001634e104f26d
.git/objects/ec/
.git/objects/ec/22ad859f6bdfd344476f0d34046b5659697d94
.git/objects/f6/
.git/objects/f6/ed67df4cebb86107197782a5a6a8487ee6abd7
.git/objects/fa/
.git/objects/fa/3768a75a5c990b7aeda991cf33ccd605b0d57a
.git/refs/heads/
.git/refs/heads/main
.git/refs/remotes/origin/
.git/refs/remotes/origin/main
scripts/deploy/vps/sync_dir.sh
scripts/logs/commits_hist.md
scripts/logs/01_full_deploy/full_deploy.log
scripts/logs/despliegue/00_07_postgres_.log
scripts/logs/despliegue/00_08_migraciones_.log
scripts/logs/despliegue/00_14_sincronizacion_archivos_.log
scripts/logs/despliegue/00_16_01_subir_GitHub.log
scripts/logs/sync/
scripts/logs/sync/20250613_054715_sync.log
scripts/logs/sync/20250613_055146_sync.log

sent 6.054.250 bytes  received 45.668 bytes  393.543,10 bytes/sec
total size is 455.321.760  speedup is 74,64
✅ [H2] Sincronización completada.
🆕 [HK] Proyecto local: /home/markmur88/api_bank_heroku
🧹 [HK] Eliminando patrones excluidos en VPS...
🗑 [HK] Borrando: *.zip
🔄 [HK] Iniciando rsync local→VPS...
sending incremental file list
config/settings/__init__.py
scripts/deploy/vps/sync_dir.sh
scripts/logs/commits_hist.md
scripts/logs/01_full_deploy/full_deploy.log
scripts/logs/despliegue/00_07_postgres_.log
scripts/logs/despliegue/00_08_migraciones_.log
scripts/logs/despliegue/00_14_sincronizacion_archivos_.log
scripts/logs/despliegue/00_16_01_subir_GitHub.log
scripts/logs/sync/
scripts/logs/sync/20250613_054715_sync.log

sent 42.964 bytes  received 41.868 bytes  11.310,93 bytes/sec
total size is 248.808.187  speedup is 2.932,95
✅ [HK] Sincronización completada.
🆕 [SM] Proyecto local: /home/markmur88/Simulador
🧹 [SM] Eliminando patrones excluidos en VPS...
🗑 [SM] Borrando: *.zip
🔄 [SM] Iniciando rsync local→VPS...
sending incremental file list

sent 42.222 bytes  received 292 bytes  5.668,53 bytes/sec
total size is 141.959.568  speedup is 3.339,13
✅ [SM] Sincronización completada.
📡 Ejecutando comandos remotos en el VPS...
🎉 Todo listo, sincronizaciones y despliegue en VPS finalizados.
