📂 Proyecto: /home/markmur88/api_bank_h2
🧹 Limpiando en VPS (api_bank_heroku) archivos excluidos...
🗑 Eliminando: *.zip
🔄 Sincronizando proyecto hacia api_bank_heroku (con exclusiones)...
sending incremental file list
./
scripts/deploy/vps/excludes.txt
scripts/deploy/vps/vps_sync_clean.sh
scripts/logs/sync/
scripts/logs/sync/20250605_073519_sync_clean.log
scripts/logs/sync/20250605_074529_sync_clean.log
scripts/menu/aliases_deploy.sh

sent 49.104 bytes  received 835 bytes  7.682,92 bytes/sec
total size is 52.323.892  speedup is 1.047,76
🔄 Sincronizando proyecto hacia api_bank_h2 (sin exclusiones)...
sending incremental file list
scripts/deploy/vps/excludes.txt
scripts/deploy/vps/vps_sync_clean.sh
scripts/logs/sync/
scripts/logs/sync/20250605_073519_sync_clean.log
scripts/logs/sync/20250605_074529_sync_clean.log
scripts/menu/aliases_deploy.sh

sent 61.118 bytes  received 1.919 bytes  9.698,00 bytes/sec
total size is 112.009.616  speedup is 1.776,89
🔄 Sincronizando carpeta de backup...
sending incremental file list
deleting zip/backup_completo_20250605_062409_G0518_D003.zip
deleting zip/backup_completo_20250604_072653_G0512_D012.zip
sql/backup_local.sql
zip/
zip/backup_completo_20250605_065509_G0520_D005.zip

sent 31.827.598 bytes  received 1.846 bytes  1.354.444,43 bytes/sec
total size is 605.799.888  speedup is 19,03
🔄 Sincronizando carpeta de bank_ghost...
sending incremental file list

sent 6.565 bytes  received 64 bytes  1.205,27 bytes/sec
total size is 5.065.625  speedup is 764,16
✅ Sincronización completada.
