📂 Proyecto: /home/markmur88/api_bank_h2
🧹 Limpiando en VPS (api_bank_heroku) archivos excluidos...
🗑 Eliminando: .zip
🧹 Limpiando en VPS (bank_ghost) archivos excluidos...
🗑 Eliminando: .zip
🔄 Sincronizando proyecto hacia api_bank_heroku (con exclusiones)...
sending incremental file list
scripts/deploy/vps/vps_sync_clean.sh
scripts/logs/sync/
scripts/logs/sync/20250605_081914_sync_clean.log
scripts/logs/sync/20250605_082417_sync_clean.log

sent 35.113 bytes  received 334 bytes  6.444,91 bytes/sec
total size is 64.256.983  speedup is 1.812,76
🔄 Sincronizando proyecto hacia api_bank_h2 (sin exclusiones)...
sending incremental file list
scripts/deploy/vps/vps_sync_clean.sh
scripts/logs/sync/
scripts/logs/sync/20250605_081914_sync_clean.log
scripts/logs/sync/20250605_082417_sync_clean.log

sent 60.893 bytes  received 483 bytes  11.159,27 bytes/sec
total size is 112.107.199  speedup is 1.826,56
🔄 Sincronizando carpeta de backup...
sending incremental file list

sent 61.013 bytes  received 417 bytes  11.169,09 bytes/sec
total size is 605.799.888  speedup is 9.861,63
🔄 Sincronizando carpeta de bank_ghost...
sending incremental file list

sent 6.882 bytes  received 64 bytes  1.543,56 bytes/sec
total size is 5.422.311  speedup is 780,64
✅ Sincronización completada.
