🆕 [H2] Proyecto local: /home/markmur88/api_bank_h2
🧹 [H2] Eliminando patrones excluidos en VPS...
🗑 [H2] Borrando: *.zip
🔄 [H2] Iniciando rsync local→VPS...
sending incremental file list
./
.git/
.git/COMMIT_EDITMSG
.git/config
.git/index
.git/logs/HEAD
.git/logs/refs/heads/main
.git/logs/refs/remotes/origin/main
.git/objects/
.git/objects/02/c0ebbf84d2186b9fc9bc316408b2906a2c2855
.git/objects/0a/
.git/objects/0a/51b73ecb726743b8f491c9728ed43d2f3967a8
.git/objects/1a/be14a10f24af0b81665073a5dd5a2b5a91b2b5
.git/objects/1b/dd8f33d6355ce7ab3922a3f86529293d645d04
.git/objects/1e/5744a085e3738be6037d651ecdaabcd764dcad
.git/objects/26/
.git/objects/26/5960d847d732b6b23c8c11cc0d4efa07a8b5f9
.git/objects/26/a862421fe59c2532129ebdedba4e4f650c2f64
.git/objects/28/
.git/objects/28/adcff76979e58bc4b157214a5fa822f42636d0
.git/objects/29/
.git/objects/29/acc8b09f69a26e8fbf7769825deb4826c1c00f
.git/objects/32/
.git/objects/32/2145dc5490d357e9139982546c67c0035509f1
.git/objects/32/b7c3e333080b087b2fb9fd1d42d81dfe8e8506
.git/objects/33/b4b78f44661050648c5711472d77f169cd4430
.git/objects/36/
.git/objects/36/c60a4618d4d1d1a030b664756565962167fa3f
.git/objects/37/
.git/objects/37/ab2f1e13e5ac535c47e265cc3c8f34a2edcbc5
.git/objects/4a/5c5f068c0fecb913c1b470f601a0be60e38a1a
.git/objects/5a/
.git/objects/5a/56b6a3b2eaee5e3949fcb2368fa7e59a19e64f
.git/objects/5e/
.git/objects/5e/4321041ecdfc33d284d1bf7360d623fd8eb050
.git/objects/62/
.git/objects/62/e39f2b8c5a1390506dc4965b82b08c328c150d
.git/objects/66/abb3d07e2dae7445bbd7687d6fad42f9f444b1
.git/objects/69/
.git/objects/69/d7a49f85a30efd02a0728ea72cbbdec3d1ab87
.git/objects/73/deb6fa98336dcdfaf3e5b61545cdb2e56dbae6
.git/objects/85/8c33eb4b36f618b0a568bb98c81ed700635f64
.git/objects/8a/
.git/objects/8a/1dd47a076ec43f3eaf415db53500dcc9190405
.git/objects/9f/89edb51f0483b58a98040a31d3668edf48d73b
.git/objects/bc/f9297298d80217796d878109a23980a94b53c0
.git/objects/c3/
.git/objects/c3/c8b4a2d7fb1eea7937f0fe5fd2df7fd8c9f89c
.git/objects/ca/
.git/objects/ca/9db164c804bf503b31a4b033278bd265f677e0
.git/objects/cf/
.git/objects/cf/08ed4e7df3dfa36b4a15f14a28e2aea6a48580
.git/objects/d0/
.git/objects/d0/d92b8852f753b6184b40e60a4f7a83cfad3fdb
.git/objects/da/bb48f1a871472f0431c32baa9253ad703c427f
.git/objects/e0/
.git/objects/e0/f5110618bc9023449645d0850466b60b2c3ece
.git/objects/e6/2ec04cdeece724caeeeeaeb6ae1f6af1bb6b9a
.git/objects/fb/
.git/objects/fb/bb0abc932e1744acce8a1b15eb44c915f02ada
.git/objects/fe/e6f0e8b5caf75886abc994aa696918bd92d681
.git/objects/pack/pack-0dfe3bd33d43c2552ba72b88dfe2fef1ff4c91d0.pack
.git/refs/heads/
.git/refs/heads/main
.git/refs/remotes/origin/
.git/refs/remotes/origin/main
Simulador/
Simulador/logs/
Simulador/scripts/
Simulador/simulador_banco/
Simulador/simulador_banco/simulador_banco/
Simulador/simulador_banco/static/
Simulador/simulador_banco/staticfiles/
Simulador/simulador_banco/staticfiles/admin/
Simulador/simulador_banco/staticfiles/admin/css/
Simulador/simulador_banco/staticfiles/admin/css/vendor/
Simulador/simulador_banco/staticfiles/admin/css/vendor/select2/
Simulador/simulador_banco/staticfiles/admin/img/
Simulador/simulador_banco/staticfiles/admin/img/gis/
Simulador/simulador_banco/staticfiles/admin/js/
Simulador/simulador_banco/staticfiles/admin/js/admin/
Simulador/simulador_banco/staticfiles/admin/js/vendor/
Simulador/simulador_banco/staticfiles/admin/js/vendor/jquery/
Simulador/simulador_banco/staticfiles/admin/js/vendor/select2/
Simulador/simulador_banco/staticfiles/admin/js/vendor/select2/i18n/
Simulador/simulador_banco/staticfiles/admin/js/vendor/xregexp/
Simulador/tor_data/
Simulador/tor_data/hidden_service/
Simulador/tor_data/hidden_service/authorized_clients/
Simulador/tor_data/keys/
logs/
logs/download_20250613_051437.log
scripts/logs/commits_hist.md
scripts/logs/01_full_deploy/full_deploy.log
scripts/logs/despliegue/00_07_postgres_.log
scripts/logs/despliegue/00_08_migraciones_.log
scripts/logs/despliegue/00_14_sincronizacion_archivos_.log
scripts/logs/despliegue/00_16_01_subir_GitHub.log
scripts/logs/sync/
scripts/logs/sync/20250613_051544_sync.log

sent 3.065.564 bytes  received 94.132 bytes  134.455,15 bytes/sec
total size is 480.159.712  speedup is 151,96
