🧹 Limpiando en VPS (/home/markmur88/api_bank_heroku) archivos excluidos...
🗑 Eliminando: *.zip
🧹 Limpiando en VPS (/home/markmur88/bank_ghost) archivos excluidos...
🗑 Eliminando: *.zip
🔄 Sincronizando proyecto hacia api_bank_heroku (con exclusiones)...
sending incremental file list
scripts/deploy/vps/vps_sync_clean.sh
scripts/logs/sync/
scripts/logs/sync/20250605_085227_sync_clean.log
scripts/logs/sync/20250605_085340_sync_clean.log

sent 31.025 bytes  received 305 bytes  5.696,36 bytes/sec
total size is 51.956.899  speedup is 1.658,38
🔄 Sincronizando proyecto hacia api_bank_h2 (sin exclusiones)...
sending incremental file list
scripts/deploy/vps/vps_sync_clean.sh
scripts/logs/sync/
scripts/logs/sync/20250605_085227_sync_clean.log
scripts/logs/sync/20250605_085340_sync_clean.log

sent 61.146 bytes  received 471 bytes  9.479,54 bytes/sec
total size is 112.119.049  speedup is 1.819,61
🔄 Sincronizando carpeta de backup...
sending incremental file list

sent 61.013 bytes  received 417 bytes  9.450,77 bytes/sec
total size is 605.799.888  speedup is 9.861,63
🔄 Sincronizando carpeta de bank_ghost...
sending incremental file list

sent 6.579 bytes  received 64 bytes  1.207,82 bytes/sec
total size is 5.065.625  speedup is 762,55
✅ Sincronización completada.
